#
# There is insufficient memory for the Java Runtime Environment to continue.
# Native memory allocation (malloc) failed to allocate 32744 bytes. Error detail: Chunk::new
# Possible reasons:
#   The system is out of physical RAM or swap space
#   This process is running with CompressedOops enabled, and the Java Heap may be blocking the growth of the native heap
# Possible solutions:
#   Reduce memory load on the system
#   Increase physical memory or swap space
#   Check if swap backing store is full
#   Decrease Java heap size (-Xmx/-Xms)
#   Decrease number of Java threads
#   Decrease Java thread stack sizes (-Xss)
#   Set larger code cache with -XX:ReservedCodeCacheSize=
#   JVM is running with Unscaled Compressed Oops mode in which the Java heap is
#     placed in the first 4GB address space. The Java Heap base address is the
#     maximum limit for the native heap growth. Please use -XX:HeapBaseMinAddress
#     to set the Java Heap base and to place the Java Heap above 4GB virtual address.
# This output file may be truncated or incomplete.
#
#  Out of Memory Error (arena.cpp:168), pid=16048, tid=16928
#
# JRE version: OpenJDK Runtime Environment Temurin-21.0.9+10 (21.0.9+10) (build 21.0.9+10-LTS)
# Java VM: OpenJDK 64-Bit Server VM Temurin-21.0.9+10 (21.0.9+10-LTS, mixed mode, sharing, tiered, compressed oops, compressed class ptrs, parallel gc, windows-amd64)
# No core dump will be written. Minidumps are not enabled by default on client versions of Windows
#

---------------  S U M M A R Y ------------

Command Line: --add-modules=ALL-SYSTEM --add-opens=java.base/java.util=ALL-UNNAMED --add-opens=java.base/java.lang=ALL-UNNAMED --add-opens=java.base/sun.nio.fs=ALL-UNNAMED -Declipse.application=org.eclipse.jdt.ls.core.id1 -Dosgi.bundles.defaultStartLevel=4 -Declipse.product=org.eclipse.jdt.ls.core.product -Djava.import.generatesMetadataFilesAtProjectRoot=false -DDetectVMInstallationsJob.disabled=true -Dfile.encoding=utf8 -XX:+UseParallelGC -XX:GCTimeRatio=4 -XX:AdaptiveSizePolicyWeight=90 -Dsun.zip.disableMemoryMapping=true -Xmx2G -Xms100m -Xlog:disable -javaagent:c:\Users\jared\.vscode\extensions\redhat.java-1.52.0-win32-x64\lombok\lombok-1.18.39-4050.jar -XX:+HeapDumpOnOutOfMemoryError -XX:HeapDumpPath=c:\Users\jared\AppData\Roaming\Code\User\workspaceStorage\e34d3a93796a54bcb5c87ca0179e3c1b\redhat.java -Daether.dependencyCollector.impl=bf c:\Users\jared\.vscode\extensions\redhat.java-1.52.0-win32-x64\server\plugins\org.eclipse.equinox.launcher_1.7.100.v20251111-0406.jar -configuration c:\Users\jared\AppData\Roaming\Code\User\globalStorage\redhat.java\1.52.0\config_win -data c:\Users\jared\AppData\Roaming\Code\User\workspaceStorage\e34d3a93796a54bcb5c87ca0179e3c1b\redhat.java\jdt_ws --pipe=\\.\pipe\lsp-fe19b735e73cc6fa90f205cc8b48a68d-sock

Host: AMD Ryzen 5 7530U with Radeon Graphics         , 12 cores, 7G,  Windows 11 , 64 bit Build 26100 (10.0.26100.7705)
Time: Wed Feb 11 23:41:54 2026 Hora estándar central (México) elapsed time: 397.666006 seconds (0d 0h 6m 37s)

---------------  T H R E A D  ---------------

Current thread (0x000001f0dd22dd50):  JavaThread "C1 CompilerThread0" daemon [_thread_in_native, id=16928, stack(0x00000022b3900000,0x00000022b3a00000) (1024K)]


Current CompileTask:
C1:397666 9930       3       org.eclipse.jdt.internal.compiler.parser.Parser::consumeRule (7843 bytes)

Stack: [0x00000022b3900000,0x00000022b3a00000]
Native frames: (J=compiled Java code, j=interpreted, Vv=VM code, C=native code)
V  [jvm.dll+0x6d6e29]
V  [jvm.dll+0x8b4b76]
V  [jvm.dll+0x8b712e]
V  [jvm.dll+0x8b7813]
V  [jvm.dll+0x283d86]
V  [jvm.dll+0xc66ed]
V  [jvm.dll+0xc6c31]
V  [jvm.dll+0x1417ae]
V  [jvm.dll+0x140a67]
V  [jvm.dll+0x1a27a6]
V  [jvm.dll+0x1a4001]
V  [jvm.dll+0x1a384a]
V  [jvm.dll+0x16c72b]
V  [jvm.dll+0x156a19]
V  [jvm.dll+0x156b92]
V  [jvm.dll+0x156e44]
V  [jvm.dll+0x15625c]
V  [jvm.dll+0x157fed]
V  [jvm.dll+0x25b29d]
V  [jvm.dll+0x25982a]
V  [jvm.dll+0x3f7ea6]
V  [jvm.dll+0x85e9ad]
V  [jvm.dll+0x6d565d]
C  [ucrtbase.dll+0x37b0]
C  [KERNEL32.DLL+0x2e8d7]
C  [ntdll.dll+0x8c40c]


---------------  P R O C E S S  ---------------

Threads class SMR info:
_java_thread_list=0x000001f0fdc13200, length=44, elements={
0x000001f0dd292d20, 0x000001f0dd2193b0, 0x000001f0dd33e970, 0x000001f0dd220a50,
0x000001f0dd224c60, 0x000001f0dd2280f0, 0x000001f0dd22b2d0, 0x000001f0f4fafeb0,
0x000001f0dd22dd50, 0x000001f0f519caf0, 0x000001f0f52ed0f0, 0x000001f0fa7fe360,
0x000001f0fa7f0250, 0x000001f0fa7bbaa0, 0x000001f0fa9d8290, 0x000001f0fad267e0,
0x000001f0f52f70a0, 0x000001f0fae60690, 0x000001f0fae5df30, 0x000001f0fae60d20,
0x000001f0fae5ec50, 0x000001f0fae5f970, 0x000001f0fe51bb90, 0x000001f0fe51e2f0,
0x000001f0fe51cf40, 0x000001f0fe51dc60, 0x000001f0fe51ae70, 0x000001f0fe51d5d0,
0x000001f0fe51c220, 0x000001f0fe51c8b0, 0x000001f0fe51e980, 0x000001f0fe51b500,
0x000001f0fe51f010, 0x000001f0fe522490, 0x000001f0fe51f6a0, 0x000001f0fe5210e0,
0x000001f0fe521770, 0x000001f0fe51fd30, 0x000001f0fe521e00, 0x000001f0fe520a50,
0x000001f0fc769cd0, 0x000001f0fc76cac0, 0x000001f0fc76d150, 0x000001f0fc76bda0
}

Java Threads: ( => current thread )
  0x000001f0dd292d20 JavaThread "main"                              [_thread_blocked, id=12484, stack(0x00000022b2e00000,0x00000022b2f00000) (1024K)]
  0x000001f0dd2193b0 JavaThread "Reference Handler"          daemon [_thread_blocked, id=21040, stack(0x00000022b3200000,0x00000022b3300000) (1024K)]
  0x000001f0dd33e970 JavaThread "Finalizer"                  daemon [_thread_blocked, id=16852, stack(0x00000022b3300000,0x00000022b3400000) (1024K)]
  0x000001f0dd220a50 JavaThread "Signal Dispatcher"          daemon [_thread_blocked, id=18344, stack(0x00000022b3400000,0x00000022b3500000) (1024K)]
  0x000001f0dd224c60 JavaThread "Attach Listener"            daemon [_thread_blocked, id=15232, stack(0x00000022b3500000,0x00000022b3600000) (1024K)]
  0x000001f0dd2280f0 JavaThread "Service Thread"             daemon [_thread_blocked, id=13336, stack(0x00000022b3600000,0x00000022b3700000) (1024K)]
  0x000001f0dd22b2d0 JavaThread "Monitor Deflation Thread"   daemon [_thread_blocked, id=16464, stack(0x00000022b3700000,0x00000022b3800000) (1024K)]
  0x000001f0f4fafeb0 JavaThread "C2 CompilerThread0"         daemon [_thread_blocked, id=18876, stack(0x00000022b3800000,0x00000022b3900000) (1024K)]
=>0x000001f0dd22dd50 JavaThread "C1 CompilerThread0"         daemon [_thread_in_native, id=16928, stack(0x00000022b3900000,0x00000022b3a00000) (1024K)]
  0x000001f0f519caf0 JavaThread "Common-Cleaner"             daemon [_thread_blocked, id=2692, stack(0x00000022b3b00000,0x00000022b3c00000) (1024K)]
  0x000001f0f52ed0f0 JavaThread "Notification Thread"        daemon [_thread_blocked, id=10512, stack(0x00000022b3c00000,0x00000022b3d00000) (1024K)]
  0x000001f0fa7fe360 JavaThread "Active Thread: Equinox Container: 1b846ff7-4aa7-40d9-8f90-b626e291cd09"        [_thread_blocked, id=18840, stack(0x00000022b4400000,0x00000022b4500000) (1024K)]
  0x000001f0fa7f0250 JavaThread "Refresh Thread: Equinox Container: 1b846ff7-4aa7-40d9-8f90-b626e291cd09" daemon [_thread_blocked, id=3352, stack(0x00000022b4600000,0x00000022b4700000) (1024K)]
  0x000001f0fa7bbaa0 JavaThread "Framework Event Dispatcher: Equinox Container: 1b846ff7-4aa7-40d9-8f90-b626e291cd09" daemon [_thread_blocked, id=16448, stack(0x00000022b4700000,0x00000022b4800000) (1024K)]
  0x000001f0fa9d8290 JavaThread "Start Level: Equinox Container: 1b846ff7-4aa7-40d9-8f90-b626e291cd09" daemon [_thread_blocked, id=19108, stack(0x00000022b4800000,0x00000022b4900000) (1024K)]
  0x000001f0fad267e0 JavaThread "Bundle File Closer"         daemon [_thread_blocked, id=19004, stack(0x00000022b4b00000,0x00000022b4c00000) (1024K)]
  0x000001f0f52f70a0 JavaThread "SCR Component Actor"        daemon [_thread_blocked, id=19608, stack(0x00000022b3d00000,0x00000022b3e00000) (1024K)]
  0x000001f0fae60690 JavaThread "Worker-JM"                         [_thread_blocked, id=10408, stack(0x00000022b4c00000,0x00000022b4d00000) (1024K)]
  0x000001f0fae5df30 JavaThread "JNA Cleaner"                daemon [_thread_blocked, id=2772, stack(0x00000022b3a00000,0x00000022b3b00000) (1024K)]
  0x000001f0fae60d20 JavaThread "Worker-1"                          [_thread_blocked, id=15288, stack(0x00000022b4e00000,0x00000022b4f00000) (1024K)]
  0x000001f0fae5ec50 JavaThread "Java indexing"              daemon [_thread_blocked, id=6444, stack(0x00000022b5000000,0x00000022b5100000) (1024K)]
  0x000001f0fae5f970 JavaThread "Worker-3"                          [_thread_blocked, id=18108, stack(0x00000022b5500000,0x00000022b5600000) (1024K)]
  0x000001f0fe51bb90 JavaThread "Thread-1"                   daemon [_thread_in_native, id=1488, stack(0x00000022b5700000,0x00000022b5800000) (1024K)]
  0x000001f0fe51e2f0 JavaThread "Thread-2"                   daemon [_thread_in_native, id=20856, stack(0x00000022b5800000,0x00000022b5900000) (1024K)]
  0x000001f0fe51cf40 JavaThread "Thread-3"                   daemon [_thread_in_native, id=16444, stack(0x00000022b5900000,0x00000022b5a00000) (1024K)]
  0x000001f0fe51dc60 JavaThread "Thread-4"                   daemon [_thread_in_native, id=19152, stack(0x00000022b5a00000,0x00000022b5b00000) (1024K)]
  0x000001f0fe51ae70 JavaThread "Thread-5"                   daemon [_thread_in_native, id=10624, stack(0x00000022b5b00000,0x00000022b5c00000) (1024K)]
  0x000001f0fe51d5d0 JavaThread "Thread-6"                   daemon [_thread_in_native, id=16576, stack(0x00000022b5c00000,0x00000022b5d00000) (1024K)]
  0x000001f0fe51c220 JavaThread "Thread-7"                   daemon [_thread_in_native, id=11176, stack(0x00000022b5d00000,0x00000022b5e00000) (1024K)]
  0x000001f0fe51c8b0 JavaThread "Thread-8"                   daemon [_thread_in_native, id=15588, stack(0x00000022b5e00000,0x00000022b5f00000) (1024K)]
  0x000001f0fe51e980 JavaThread "Thread-9"                   daemon [_thread_in_native, id=3424, stack(0x00000022b5f00000,0x00000022b6000000) (1024K)]
  0x000001f0fe51b500 JavaThread "Thread-10"                  daemon [_thread_in_native, id=6720, stack(0x00000022b6000000,0x00000022b6100000) (1024K)]
  0x000001f0fe51f010 JavaThread "Thread-11"                  daemon [_thread_in_native, id=3064, stack(0x00000022b6100000,0x00000022b6200000) (1024K)]
  0x000001f0fe522490 JavaThread "Thread-12"                  daemon [_thread_in_native, id=18224, stack(0x00000022b6200000,0x00000022b6300000) (1024K)]
  0x000001f0fe51f6a0 JavaThread "Thread-13"                  daemon [_thread_in_native, id=11716, stack(0x00000022b6300000,0x00000022b6400000) (1024K)]
  0x000001f0fe5210e0 JavaThread "pool-2-thread-1"                   [_thread_blocked, id=18704, stack(0x00000022b6400000,0x00000022b6500000) (1024K)]
  0x000001f0fe521770 JavaThread "WorkspaceEventsHandler"            [_thread_blocked, id=21088, stack(0x00000022b6500000,0x00000022b6600000) (1024K)]
  0x000001f0fe51fd30 JavaThread "pool-1-thread-1"                   [_thread_in_vm, id=11012, stack(0x00000022b6600000,0x00000022b6700000) (1024K)]
  0x000001f0fe521e00 JavaThread "ForkJoinPool.commonPool-worker-1" daemon [_thread_blocked, id=412, stack(0x00000022b6700000,0x00000022b6800000) (1024K)]
  0x000001f0fe520a50 JavaThread "ForkJoinPool.commonPool-worker-2" daemon [_thread_blocked, id=21320, stack(0x00000022b6800000,0x00000022b6900000) (1024K)]
  0x000001f0fc769cd0 JavaThread "ForkJoinPool.commonPool-worker-6" daemon [_thread_blocked, id=14968, stack(0x00000022b6c00000,0x00000022b6d00000) (1024K)]
  0x000001f0fc76cac0 JavaThread "ForkJoinPool.commonPool-worker-7" daemon [_thread_blocked, id=18828, stack(0x00000022b6d00000,0x00000022b6e00000) (1024K)]
  0x000001f0fc76d150 JavaThread "ForkJoinPool.commonPool-worker-8" daemon [_thread_blocked, id=19008, stack(0x00000022b6e00000,0x00000022b6f00000) (1024K)]
  0x000001f0fc76bda0 JavaThread "Worker-5"                          [_thread_blocked, id=19224, stack(0x00000022b5100000,0x00000022b5200000) (1024K)]
Total: 44

Other Threads:
  0x000001f0dd326f40 VMThread "VM Thread"                           [id=7992, stack(0x00000022b3100000,0x00000022b3200000) (1024K)]
  0x000001f0dd10ca00 WatcherThread "VM Periodic Task Thread"        [id=8404, stack(0x00000022b3000000,0x00000022b3100000) (1024K)]
  0x000001f0dd2ab300 WorkerThread "GC Thread#0"                     [id=20152, stack(0x00000022b2f00000,0x00000022b3000000) (1024K)]
  0x000001f0fa164090 WorkerThread "GC Thread#1"                     [id=20148, stack(0x00000022b3e00000,0x00000022b3f00000) (1024K)]
  0x000001f0fa164430 WorkerThread "GC Thread#2"                     [id=10092, stack(0x00000022b3f00000,0x00000022b4000000) (1024K)]
  0x000001f0fa132060 WorkerThread "GC Thread#3"                     [id=19408, stack(0x00000022b4000000,0x00000022b4100000) (1024K)]
  0x000001f0fa132400 WorkerThread "GC Thread#4"                     [id=10156, stack(0x00000022b4100000,0x00000022b4200000) (1024K)]
  0x000001f0fa1327a0 WorkerThread "GC Thread#5"                     [id=19800, stack(0x00000022b4200000,0x00000022b4300000) (1024K)]
  0x000001f0fa132b40 WorkerThread "GC Thread#6"                     [id=1688, stack(0x00000022b4300000,0x00000022b4400000) (1024K)]
  0x000001f0fa7bd670 WorkerThread "GC Thread#7"                     [id=17828, stack(0x00000022b4500000,0x00000022b4600000) (1024K)]
  0x000001f0fa7be150 WorkerThread "GC Thread#8"                     [id=11952, stack(0x00000022b4900000,0x00000022b4a00000) (1024K)]
  0x000001f0fa7bda10 WorkerThread "GC Thread#9"                     [id=6468, stack(0x00000022b4a00000,0x00000022b4b00000) (1024K)]
Total: 12

Threads with active compile tasks:
C1 CompilerThread0  397725 9930       3       org.eclipse.jdt.internal.compiler.parser.Parser::consumeRule (7843 bytes)
Total: 1

VM state: not at safepoint (normal execution)

VM Mutex/Monitor currently owned by a thread:  ([mutex/lock_event])
[0x00007ffd7132b4f0] Metaspace_lock - owner thread: 0x000001f0fe51fd30

Heap address: 0x0000000080000000, size: 2048 MB, Compressed Oops mode: 32-bit

CDS archive(s) mapped at: [0x000001f080000000-0x000001f080ba0000-0x000001f080ba0000), size 12189696, SharedBaseAddress: 0x000001f080000000, ArchiveRelocationMode: 1.
Compressed class space mapped at: 0x000001f081000000-0x000001f0c1000000, reserved size: 1073741824
Narrow klass base: 0x000001f080000000, Narrow klass shift: 0, Narrow klass range: 0x100000000

GC Precious Log:
 CardTable entry size: 512
 CPUs: 12 total, 12 available
 Memory: 7579M
 Large Page Support: Disabled
 NUMA Support: Disabled
 Compressed Oops: Enabled (32-bit)
 Alignments: Space 512K, Generation 512K, Heap 2M
 Heap Min Capacity: 100M
 Heap Initial Capacity: 100M
 Heap Max Capacity: 2G
 Pre-touch: Disabled
 Parallel Workers: 10

Heap:
 PSYoungGen      total 13824K, used 9731K [0x00000000d5580000, 0x00000000d6480000, 0x0000000100000000)
  eden space 13312K, 69% used [0x00000000d5580000,0x00000000d5e82668,0x00000000d6280000)
  from space 512K, 98% used [0x00000000d6280000,0x00000000d62fe8c8,0x00000000d6300000)
  to   space 1024K, 0% used [0x00000000d6380000,0x00000000d6380000,0x00000000d6480000)
 ParOldGen       total 81920K, used 74816K [0x0000000080000000, 0x0000000085000000, 0x00000000d5580000)
  object space 81920K, 91% used [0x0000000080000000,0x0000000084910140,0x0000000085000000)
 Metaspace       used 60038K, committed 61440K, reserved 1114112K
  class space    used 6510K, committed 7104K, reserved 1048576K

Card table byte_map: [0x000001f0dcc20000,0x000001f0dd030000] _byte_map_base: 0x000001f0dc820000

Marking Bits: (ParMarkBitMap*) 0x00007ffd71332460
 Begin Bits: [0x000001f0ef730000, 0x000001f0f1730000)
 End Bits:   [0x000001f0f1730000, 0x000001f0f3730000)

Polling page: 0x000001f0db2e0000

Metaspace:

Usage:
  Non-class:     52.27 MB used.
      Class:      6.36 MB used.
       Both:     58.63 MB used.

Virtual space:
  Non-class space:       64.00 MB reserved,      53.06 MB ( 83%) committed,  1 nodes.
      Class space:        1.00 GB reserved,       6.94 MB ( <1%) committed,  1 nodes.
             Both:        1.06 GB reserved,      60.00 MB (  6%) committed. 

Chunk freelists:
   Non-Class:  10.92 MB
       Class:  8.96 MB
        Both:  19.88 MB

MaxMetaspaceSize: unlimited
CompressedClassSpaceSize: 1.00 GB
Initial GC threshold: 21.00 MB
Current GC threshold: 97.31 MB
CDS: on
 - commit_granule_bytes: 65536.
 - commit_granule_words: 8192.
 - virtual_space_node_default_size: 8388608.
 - enlarge_chunks_in_place: 1.
 - use_allocation_guard: 0.


Internal statistics:

num_allocs_failed_limit: 9.
num_arena_births: 1154.
num_arena_deaths: 20.
num_vsnodes_births: 2.
num_vsnodes_deaths: 0.
num_space_committed: 960.
num_space_uncommitted: 0.
num_chunks_returned_to_freelist: 32.
num_chunks_taken_from_freelist: 3997.
num_chunk_merges: 15.
num_chunk_splits: 2451.
num_chunks_enlarged: 1347.
num_inconsistent_stats: 0.

CodeHeap 'non-profiled nmethods': size=120000Kb used=5643Kb max_used=5643Kb free=114356Kb
 bounds [0x000001f0e7f50000, 0x000001f0e84e0000, 0x000001f0ef480000]
CodeHeap 'profiled nmethods': size=120000Kb used=18556Kb max_used=18556Kb free=101443Kb
 bounds [0x000001f0e0480000, 0x000001f0e16a0000, 0x000001f0e79b0000]
CodeHeap 'non-nmethods': size=5760Kb used=1415Kb max_used=1474Kb free=4344Kb
 bounds [0x000001f0e79b0000, 0x000001f0e7c20000, 0x000001f0e7f50000]
CodeCache: size=245760Kb, used=25614Kb, max_used=25673Kb, free=220143Kb
 total_blobs=9911, nmethods=9184, adapters=633, full_count=0
Compilation: enabled, stopped_count=0, restarted_count=0

Compilation events (20 events):
Event: 397.627 Thread 0x000001f0dd22dd50 nmethod 9924 0x000001f0e169bc90 code [0x000001f0e169bec0, 0x000001f0e169c528]
Event: 397.634 Thread 0x000001f0dd22dd50 9925   !   3       org.eclipse.core.internal.resources.ProjectPreferences::initialize (117 bytes)
Event: 397.635 Thread 0x000001f0dd22dd50 nmethod 9925 0x000001f0e169c810 code [0x000001f0e169cac0, 0x000001f0e169db20]
Event: 397.637 Thread 0x000001f0dd22dd50 9926       3       java.lang.CharacterDataLatin1::isIdentifierIgnorable (23 bytes)
Event: 397.638 Thread 0x000001f0dd22dd50 nmethod 9926 0x000001f0e169e110 code [0x000001f0e169e2c0, 0x000001f0e169e4c8]
Event: 397.638 Thread 0x000001f0dd22dd50 9927       3       org.eclipse.jdt.internal.compiler.parser.Parser::tAction (35 bytes)
Event: 397.638 Thread 0x000001f0dd22dd50 nmethod 9927 0x000001f0e169e610 code [0x000001f0e169e7c0, 0x000001f0e169e990]
Event: 397.638 Thread 0x000001f0dd22dd50 9928       3       org.eclipse.jdt.internal.compiler.parser.Parser::actFromTokenOrSynthetic (12 bytes)
Event: 397.639 Thread 0x000001f0dd22dd50 nmethod 9928 0x000001f0e169eb10 code [0x000001f0e169ecc0, 0x000001f0e169ef30]
Event: 397.639 Thread 0x000001f0dd22dd50 9929   !   3       lombok.eclipse.EclipseNode::$SWITCH_TABLE$lombok$core$AST$Kind (157 bytes)
Event: 397.639 Thread 0x000001f0f4fafeb0 9931       4       java.util.ArrayDeque::addFirst (51 bytes)
Event: 397.639 Thread 0x000001f0dd22dd50 nmethod 9929 0x000001f0e169f110 code [0x000001f0e169f320, 0x000001f0e169f9c0]
Event: 397.640 Thread 0x000001f0dd22dd50 9930       3       org.eclipse.jdt.internal.compiler.parser.Parser::consumeRule (7843 bytes)
Event: 397.642 Thread 0x000001f0f4fafeb0 nmethod 9931 0x000001f0e84d0b90 code [0x000001f0e84d0d40, 0x000001f0e84d0ec8]
Event: 397.642 Thread 0x000001f0f4fafeb0 9932       4       java.util.IdentityHashMap::put (137 bytes)
Event: 397.653 Thread 0x000001f0f4fafeb0 nmethod 9932 0x000001f0e84d1010 code [0x000001f0e84d11e0, 0x000001f0e84d1660]
Event: 397.653 Thread 0x000001f0f4fafeb0 9935  s    4       java.util.Stack::peek (25 bytes)
Event: 397.656 Thread 0x000001f0f4fafeb0 nmethod 9935 0x000001f0e84d1a10 code [0x000001f0e84d1ba0, 0x000001f0e84d1e18]
Event: 397.657 Thread 0x000001f0f4fafeb0 9938       4       java.nio.charset.CoderResult::isOverflow (14 bytes)
Event: 397.658 Thread 0x000001f0f4fafeb0 nmethod 9938 0x000001f0e84d1f90 code [0x000001f0e84d2120, 0x000001f0e84d21b8]

GC Heap History (20 events):
Event: 14.903 GC heap before
{Heap before GC invocations=55 (full 2):
 PSYoungGen      total 14336K, used 14322K [0x00000000d5580000, 0x00000000d6900000, 0x0000000100000000)
  eden space 13824K, 100% used [0x00000000d5580000,0x00000000d6300000,0x00000000d6300000)
  from space 512K, 97% used [0x00000000d6580000,0x00000000d65fc940,0x00000000d6600000)
  to   space 2560K, 0% used [0x00000000d6300000,0x00000000d6300000,0x00000000d6580000)
 ParOldGen       total 68608K, used 65977K [0x0000000080000000, 0x0000000084300000, 0x00000000d5580000)
  object space 68608K, 96% used [0x0000000080000000,0x000000008406e788,0x0000000084300000)
 Metaspace       used 55698K, committed 57088K, reserved 1114112K
  class space    used 6061K, committed 6656K, reserved 1048576K
}
Event: 14.905 GC heap after
{Heap after GC invocations=55 (full 2):
 PSYoungGen      total 14848K, used 768K [0x00000000d5580000, 0x00000000d6600000, 0x0000000100000000)
  eden space 13824K, 0% used [0x00000000d5580000,0x00000000d5580000,0x00000000d6300000)
  from space 1024K, 75% used [0x00000000d6300000,0x00000000d63c0000,0x00000000d6400000)
  to   space 1536K, 0% used [0x00000000d6480000,0x00000000d6480000,0x00000000d6600000)
 ParOldGen       total 68608K, used 66500K [0x0000000080000000, 0x0000000084300000, 0x00000000d5580000)
  object space 68608K, 96% used [0x0000000080000000,0x00000000840f12e8,0x0000000084300000)
 Metaspace       used 55698K, committed 57088K, reserved 1114112K
  class space    used 6061K, committed 6656K, reserved 1048576K
}
Event: 14.948 GC heap before
{Heap before GC invocations=56 (full 2):
 PSYoungGen      total 14848K, used 14592K [0x00000000d5580000, 0x00000000d6600000, 0x0000000100000000)
  eden space 13824K, 100% used [0x00000000d5580000,0x00000000d6300000,0x00000000d6300000)
  from space 1024K, 75% used [0x00000000d6300000,0x00000000d63c0000,0x00000000d6400000)
  to   space 1536K, 0% used [0x00000000d6480000,0x00000000d6480000,0x00000000d6600000)
 ParOldGen       total 68608K, used 66500K [0x0000000080000000, 0x0000000084300000, 0x00000000d5580000)
  object space 68608K, 96% used [0x0000000080000000,0x00000000840f12e8,0x0000000084300000)
 Metaspace       used 55737K, committed 57088K, reserved 1114112K
  class space    used 6061K, committed 6656K, reserved 1048576K
}
Event: 14.950 GC heap after
{Heap after GC invocations=56 (full 2):
 PSYoungGen      total 14848K, used 646K [0x00000000d5580000, 0x00000000d6580000, 0x0000000100000000)
  eden space 13824K, 0% used [0x00000000d5580000,0x00000000d5580000,0x00000000d6300000)
  from space 1024K, 63% used [0x00000000d6480000,0x00000000d6521938,0x00000000d6580000)
  to   space 1024K, 0% used [0x00000000d6300000,0x00000000d6300000,0x00000000d6400000)
 ParOldGen       total 68608K, used 67164K [0x0000000080000000, 0x0000000084300000, 0x00000000d5580000)
  object space 68608K, 97% used [0x0000000080000000,0x00000000841972f8,0x0000000084300000)
 Metaspace       used 55737K, committed 57088K, reserved 1114112K
  class space    used 6061K, committed 6656K, reserved 1048576K
}
Event: 15.001 GC heap before
{Heap before GC invocations=57 (full 2):
 PSYoungGen      total 14848K, used 14466K [0x00000000d5580000, 0x00000000d6580000, 0x0000000100000000)
  eden space 13824K, 99% used [0x00000000d5580000,0x00000000d62ff278,0x00000000d6300000)
  from space 1024K, 63% used [0x00000000d6480000,0x00000000d6521938,0x00000000d6580000)
  to   space 1024K, 0% used [0x00000000d6300000,0x00000000d6300000,0x00000000d6400000)
 ParOldGen       total 68608K, used 67164K [0x0000000080000000, 0x0000000084300000, 0x00000000d5580000)
  object space 68608K, 97% used [0x0000000080000000,0x00000000841972f8,0x0000000084300000)
 Metaspace       used 55875K, committed 57216K, reserved 1114112K
  class space    used 6075K, committed 6656K, reserved 1048576K
}
Event: 15.003 GC heap after
{Heap after GC invocations=57 (full 2):
 PSYoungGen      total 14848K, used 780K [0x00000000d5580000, 0x00000000d6500000, 0x0000000100000000)
  eden space 13824K, 0% used [0x00000000d5580000,0x00000000d5580000,0x00000000d6300000)
  from space 1024K, 76% used [0x00000000d6300000,0x00000000d63c33d0,0x00000000d6400000)
  to   space 1024K, 0% used [0x00000000d6400000,0x00000000d6400000,0x00000000d6500000)
 ParOldGen       total 68608K, used 67701K [0x0000000080000000, 0x0000000084300000, 0x00000000d5580000)
  object space 68608K, 98% used [0x0000000080000000,0x000000008421d658,0x0000000084300000)
 Metaspace       used 55875K, committed 57216K, reserved 1114112K
  class space    used 6075K, committed 6656K, reserved 1048576K
}
Event: 15.060 GC heap before
{Heap before GC invocations=58 (full 2):
 PSYoungGen      total 14848K, used 14604K [0x00000000d5580000, 0x00000000d6500000, 0x0000000100000000)
  eden space 13824K, 100% used [0x00000000d5580000,0x00000000d6300000,0x00000000d6300000)
  from space 1024K, 76% used [0x00000000d6300000,0x00000000d63c33d0,0x00000000d6400000)
  to   space 1024K, 0% used [0x00000000d6400000,0x00000000d6400000,0x00000000d6500000)
 ParOldGen       total 68608K, used 67701K [0x0000000080000000, 0x0000000084300000, 0x00000000d5580000)
  object space 68608K, 98% used [0x0000000080000000,0x000000008421d680,0x0000000084300000)
 Metaspace       used 56346K, committed 57728K, reserved 1114112K
  class space    used 6112K, committed 6720K, reserved 1048576K
}
Event: 15.062 GC heap after
{Heap after GC invocations=58 (full 2):
 PSYoungGen      total 14848K, used 674K [0x00000000d5580000, 0x00000000d6500000, 0x0000000100000000)
  eden space 13824K, 0% used [0x00000000d5580000,0x00000000d5580000,0x00000000d6300000)
  from space 1024K, 65% used [0x00000000d6400000,0x00000000d64a88a0,0x00000000d6500000)
  to   space 1024K, 0% used [0x00000000d6300000,0x00000000d6300000,0x00000000d6400000)
 ParOldGen       total 68608K, used 68319K [0x0000000080000000, 0x0000000084300000, 0x00000000d5580000)
  object space 68608K, 99% used [0x0000000080000000,0x00000000842b7f08,0x0000000084300000)
 Metaspace       used 56346K, committed 57728K, reserved 1114112K
  class space    used 6112K, committed 6720K, reserved 1048576K
}
Event: 15.355 GC heap before
{Heap before GC invocations=59 (full 2):
 PSYoungGen      total 14848K, used 14498K [0x00000000d5580000, 0x00000000d6500000, 0x0000000100000000)
  eden space 13824K, 100% used [0x00000000d5580000,0x00000000d6300000,0x00000000d6300000)
  from space 1024K, 65% used [0x00000000d6400000,0x00000000d64a88a0,0x00000000d6500000)
  to   space 1024K, 0% used [0x00000000d6300000,0x00000000d6300000,0x00000000d6400000)
 ParOldGen       total 68608K, used 68322K [0x0000000080000000, 0x0000000084300000, 0x00000000d5580000)
  object space 68608K, 99% used [0x0000000080000000,0x00000000842b8838,0x0000000084300000)
 Metaspace       used 57227K, committed 58688K, reserved 1114112K
  class space    used 6216K, committed 6848K, reserved 1048576K
}
Event: 15.358 GC heap after
{Heap after GC invocations=59 (full 2):
 PSYoungGen      total 14848K, used 755K [0x00000000d5580000, 0x00000000d6500000, 0x0000000100000000)
  eden space 13824K, 0% used [0x00000000d5580000,0x00000000d5580000,0x00000000d6300000)
  from space 1024K, 73% used [0x00000000d6300000,0x00000000d63bcd90,0x00000000d6400000)
  to   space 1024K, 0% used [0x00000000d6400000,0x00000000d6400000,0x00000000d6500000)
 ParOldGen       total 69120K, used 68870K [0x0000000080000000, 0x0000000084380000, 0x00000000d5580000)
  object space 69120K, 99% used [0x0000000080000000,0x0000000084341bd8,0x0000000084380000)
 Metaspace       used 57227K, committed 58688K, reserved 1114112K
  class space    used 6216K, committed 6848K, reserved 1048576K
}
Event: 361.754 GC heap before
{Heap before GC invocations=60 (full 2):
 PSYoungGen      total 14848K, used 14579K [0x00000000d5580000, 0x00000000d6500000, 0x0000000100000000)
  eden space 13824K, 100% used [0x00000000d5580000,0x00000000d6300000,0x00000000d6300000)
  from space 1024K, 73% used [0x00000000d6300000,0x00000000d63bcd90,0x00000000d6400000)
  to   space 1024K, 0% used [0x00000000d6400000,0x00000000d6400000,0x00000000d6500000)
 ParOldGen       total 69120K, used 68870K [0x0000000080000000, 0x0000000084380000, 0x00000000d5580000)
  object space 69120K, 99% used [0x0000000080000000,0x0000000084341bd8,0x0000000084380000)
 Metaspace       used 58151K, committed 59648K, reserved 1114112K
  class space    used 6307K, committed 6912K, reserved 1048576K
}
Event: 361.757 GC heap after
{Heap after GC invocations=60 (full 2):
 PSYoungGen      total 14848K, used 896K [0x00000000d5580000, 0x00000000d6500000, 0x0000000100000000)
  eden space 13824K, 0% used [0x00000000d5580000,0x00000000d5580000,0x00000000d6300000)
  from space 1024K, 87% used [0x00000000d6400000,0x00000000d64e0020,0x00000000d6500000)
  to   space 1024K, 0% used [0x00000000d6300000,0x00000000d6300000,0x00000000d6400000)
 ParOldGen       total 69632K, used 69332K [0x0000000080000000, 0x0000000084400000, 0x00000000d5580000)
  object space 69632K, 99% used [0x0000000080000000,0x00000000843b5268,0x0000000084400000)
 Metaspace       used 58151K, committed 59648K, reserved 1114112K
  class space    used 6307K, committed 6912K, reserved 1048576K
}
Event: 361.965 GC heap before
{Heap before GC invocations=61 (full 2):
 PSYoungGen      total 14848K, used 6435K [0x00000000d5580000, 0x00000000d6500000, 0x0000000100000000)
  eden space 13824K, 40% used [0x00000000d5580000,0x00000000d5ae8d00,0x00000000d6300000)
  from space 1024K, 87% used [0x00000000d6400000,0x00000000d64e0020,0x00000000d6500000)
  to   space 1024K, 0% used [0x00000000d6300000,0x00000000d6300000,0x00000000d6400000)
 ParOldGen       total 69632K, used 69332K [0x0000000080000000, 0x0000000084400000, 0x00000000d5580000)
  object space 69632K, 99% used [0x0000000080000000,0x00000000843b5268,0x0000000084400000)
 Metaspace       used 58389K, committed 59776K, reserved 1114112K
  class space    used 6345K, committed 6912K, reserved 1048576K
}
Event: 361.967 GC heap after
{Heap after GC invocations=61 (full 2):
 PSYoungGen      total 14848K, used 800K [0x00000000d5580000, 0x00000000d6500000, 0x0000000100000000)
  eden space 13824K, 0% used [0x00000000d5580000,0x00000000d5580000,0x00000000d6300000)
  from space 1024K, 78% used [0x00000000d6300000,0x00000000d63c8000,0x00000000d6400000)
  to   space 1024K, 0% used [0x00000000d6400000,0x00000000d6400000,0x00000000d6500000)
 ParOldGen       total 70144K, used 70036K [0x0000000080000000, 0x0000000084480000, 0x00000000d5580000)
  object space 70144K, 99% used [0x0000000080000000,0x0000000084465288,0x0000000084480000)
 Metaspace       used 58389K, committed 59776K, reserved 1114112K
  class space    used 6345K, committed 6912K, reserved 1048576K
}
Event: 361.967 GC heap before
{Heap before GC invocations=62 (full 3):
 PSYoungGen      total 14848K, used 800K [0x00000000d5580000, 0x00000000d6500000, 0x0000000100000000)
  eden space 13824K, 0% used [0x00000000d5580000,0x00000000d5580000,0x00000000d6300000)
  from space 1024K, 78% used [0x00000000d6300000,0x00000000d63c8000,0x00000000d6400000)
  to   space 1024K, 0% used [0x00000000d6400000,0x00000000d6400000,0x00000000d6500000)
 ParOldGen       total 70144K, used 70036K [0x0000000080000000, 0x0000000084480000, 0x00000000d5580000)
  object space 70144K, 99% used [0x0000000080000000,0x0000000084465288,0x0000000084480000)
 Metaspace       used 58389K, committed 59776K, reserved 1114112K
  class space    used 6345K, committed 6912K, reserved 1048576K
}
Event: 362.149 GC heap after
{Heap after GC invocations=62 (full 3):
 PSYoungGen      total 14848K, used 0K [0x00000000d5580000, 0x00000000d6500000, 0x0000000100000000)
  eden space 13824K, 0% used [0x00000000d5580000,0x00000000d5580000,0x00000000d6300000)
  from space 1024K, 0% used [0x00000000d6300000,0x00000000d6300000,0x00000000d6400000)
  to   space 1024K, 0% used [0x00000000d6400000,0x00000000d6400000,0x00000000d6500000)
 ParOldGen       total 70144K, used 50736K [0x0000000080000000, 0x0000000084480000, 0x00000000d5580000)
  object space 70144K, 72% used [0x0000000080000000,0x000000008318c120,0x0000000084480000)
 Metaspace       used 58384K, committed 59776K, reserved 1114112K
  class space    used 6343K, committed 6912K, reserved 1048576K
}
Event: 362.383 GC heap before
{Heap before GC invocations=63 (full 3):
 PSYoungGen      total 14848K, used 13824K [0x00000000d5580000, 0x00000000d6500000, 0x0000000100000000)
  eden space 13824K, 100% used [0x00000000d5580000,0x00000000d6300000,0x00000000d6300000)
  from space 1024K, 0% used [0x00000000d6300000,0x00000000d6300000,0x00000000d6400000)
  to   space 1024K, 0% used [0x00000000d6400000,0x00000000d6400000,0x00000000d6500000)
 ParOldGen       total 70144K, used 50736K [0x0000000080000000, 0x0000000084480000, 0x00000000d5580000)
  object space 70144K, 72% used [0x0000000080000000,0x000000008318c120,0x0000000084480000)
 Metaspace       used 58748K, committed 60160K, reserved 1114112K
  class space    used 6390K, committed 6976K, reserved 1048576K
}
Event: 362.385 GC heap after
{Heap after GC invocations=63 (full 3):
 PSYoungGen      total 14336K, used 1024K [0x00000000d5580000, 0x00000000d6600000, 0x0000000100000000)
  eden space 13312K, 0% used [0x00000000d5580000,0x00000000d5580000,0x00000000d6280000)
  from space 1024K, 100% used [0x00000000d6400000,0x00000000d6500000,0x00000000d6500000)
  to   space 1536K, 0% used [0x00000000d6280000,0x00000000d6280000,0x00000000d6400000)
 ParOldGen       total 70144K, used 50824K [0x0000000080000000, 0x0000000084480000, 0x00000000d5580000)
  object space 70144K, 72% used [0x0000000080000000,0x00000000831a2120,0x0000000084480000)
 Metaspace       used 58748K, committed 60160K, reserved 1114112K
  class space    used 6390K, committed 6976K, reserved 1048576K
}
Event: 362.569 GC heap before
{Heap before GC invocations=64 (full 3):
 PSYoungGen      total 14336K, used 14336K [0x00000000d5580000, 0x00000000d6600000, 0x0000000100000000)
  eden space 13312K, 100% used [0x00000000d5580000,0x00000000d6280000,0x00000000d6280000)
  from space 1024K, 100% used [0x00000000d6400000,0x00000000d6500000,0x00000000d6500000)
  to   space 1536K, 0% used [0x00000000d6280000,0x00000000d6280000,0x00000000d6400000)
 ParOldGen       total 81920K, used 73864K [0x0000000080000000, 0x0000000085000000, 0x00000000d5580000)
  object space 81920K, 90% used [0x0000000080000000,0x0000000084822140,0x0000000085000000)
 Metaspace       used 59294K, committed 60736K, reserved 1114112K
  class space    used 6448K, committed 7040K, reserved 1048576K
}
Event: 362.572 GC heap after
{Heap after GC invocations=64 (full 3):
 PSYoungGen      total 13824K, used 506K [0x00000000d5580000, 0x00000000d6480000, 0x0000000100000000)
  eden space 13312K, 0% used [0x00000000d5580000,0x00000000d5580000,0x00000000d6280000)
  from space 512K, 98% used [0x00000000d6280000,0x00000000d62fe8c8,0x00000000d6300000)
  to   space 1024K, 0% used [0x00000000d6380000,0x00000000d6380000,0x00000000d6480000)
 ParOldGen       total 81920K, used 74816K [0x0000000080000000, 0x0000000085000000, 0x00000000d5580000)
  object space 81920K, 91% used [0x0000000080000000,0x0000000084910140,0x0000000085000000)
 Metaspace       used 59294K, committed 60736K, reserved 1114112K
  class space    used 6448K, committed 7040K, reserved 1048576K
}

Dll operation events (10 events):
Event: 0.017 Loaded shared library c:\Users\jared\.vscode\extensions\redhat.java-1.52.0-win32-x64\jre\21.0.9-win32-x86_64\bin\java.dll
Event: 0.122 Loaded shared library c:\Users\jared\.vscode\extensions\redhat.java-1.52.0-win32-x64\jre\21.0.9-win32-x86_64\bin\zip.dll
Event: 0.164 Loaded shared library C:\Users\jared\.vscode\extensions\redhat.java-1.52.0-win32-x64\jre\21.0.9-win32-x86_64\bin\instrument.dll
Event: 0.173 Loaded shared library C:\Users\jared\.vscode\extensions\redhat.java-1.52.0-win32-x64\jre\21.0.9-win32-x86_64\bin\net.dll
Event: 0.177 Loaded shared library C:\Users\jared\.vscode\extensions\redhat.java-1.52.0-win32-x64\jre\21.0.9-win32-x86_64\bin\nio.dll
Event: 0.184 Loaded shared library C:\Users\jared\.vscode\extensions\redhat.java-1.52.0-win32-x64\jre\21.0.9-win32-x86_64\bin\zip.dll
Event: 0.214 Loaded shared library C:\Users\jared\.vscode\extensions\redhat.java-1.52.0-win32-x64\jre\21.0.9-win32-x86_64\bin\jimage.dll
Event: 0.335 Loaded shared library c:\Users\jared\.vscode\extensions\redhat.java-1.52.0-win32-x64\jre\21.0.9-win32-x86_64\bin\verify.dll
Event: 2.119 Loaded shared library C:\Users\jared\AppData\Roaming\Code\User\globalStorage\redhat.java\1.52.0\config_win\org.eclipse.equinox.launcher\org.eclipse.equinox.launcher.win32.win32.x86_64_1.2.1500.v20260121-1430\eclipse_11919.dll
Event: 4.831 Loaded shared library C:\Users\jared\AppData\Local\Temp\jna-100895738\jna11239328800336878342.dll

Deoptimization events (20 events):
Event: 362.701 Thread 0x000001f0fae60d20 Uncommon trap: trap_request=0xffffffd6 fr.pc=0x000001f0e8449320 relative=0x00000000000003c0
Event: 362.702 Thread 0x000001f0fae60d20 Uncommon trap: reason=array_check action=maybe_recompile pc=0x000001f0e8449320 method=java.util.TimSort.binarySort([Ljava/lang/Object;IIILjava/util/Comparator;)V @ 215 c2
Event: 362.702 Thread 0x000001f0fae60d20 DEOPT PACKING pc=0x000001f0e8449320 sp=0x00000022b4efe780
Event: 362.702 Thread 0x000001f0fae60d20 DEOPT UNPACKING pc=0x000001f0e7a03aa2 sp=0x00000022b4efe718 mode 2
Event: 362.702 Thread 0x000001f0fae60d20 Uncommon trap: trap_request=0xffffffc6 fr.pc=0x000001f0e80cf808 relative=0x00000000000001e8
Event: 362.702 Thread 0x000001f0fae60d20 Uncommon trap: reason=bimorphic_or_optimized_type_check action=maybe_recompile pc=0x000001f0e80cf808 method=java.util.Collections.eq(Ljava/lang/Object;Ljava/lang/Object;)Z @ 18 c2
Event: 362.702 Thread 0x000001f0fae60d20 DEOPT PACKING pc=0x000001f0e80cf808 sp=0x00000022b4efe910
Event: 362.702 Thread 0x000001f0fae60d20 DEOPT UNPACKING pc=0x000001f0e7a03aa2 sp=0x00000022b4efe850 mode 2
Event: 362.702 Thread 0x000001f0fae60d20 Uncommon trap: trap_request=0xffffffc6 fr.pc=0x000001f0e80cf808 relative=0x00000000000001e8
Event: 362.702 Thread 0x000001f0fae60d20 Uncommon trap: reason=bimorphic_or_optimized_type_check action=maybe_recompile pc=0x000001f0e80cf808 method=java.util.Collections.eq(Ljava/lang/Object;Ljava/lang/Object;)Z @ 18 c2
Event: 362.702 Thread 0x000001f0fae60d20 DEOPT PACKING pc=0x000001f0e80cf808 sp=0x00000022b4efea70
Event: 362.702 Thread 0x000001f0fae60d20 DEOPT UNPACKING pc=0x000001f0e7a03aa2 sp=0x00000022b4efe9b0 mode 2
Event: 374.101 Thread 0x000001f0fae60d20 DEOPT PACKING pc=0x000001f0e10b92b0 sp=0x00000022b4efe690
Event: 374.101 Thread 0x000001f0fae60d20 DEOPT UNPACKING pc=0x000001f0e7a04242 sp=0x00000022b4efdb78 mode 0
Event: 374.123 Thread 0x000001f0fae60d20 Uncommon trap: trap_request=0xffffffc6 fr.pc=0x000001f0e844742c relative=0x000000000000008c
Event: 374.123 Thread 0x000001f0fae60d20 Uncommon trap: reason=bimorphic_or_optimized_type_check action=maybe_recompile pc=0x000001f0e844742c method=java.util.Collections$UnmodifiableMap$UnmodifiableEntrySet$1.hasNext()Z @ 4 c2
Event: 374.123 Thread 0x000001f0fae60d20 DEOPT PACKING pc=0x000001f0e844742c sp=0x00000022b4efec20
Event: 374.123 Thread 0x000001f0fae60d20 DEOPT UNPACKING pc=0x000001f0e7a03aa2 sp=0x00000022b4efeba8 mode 2
Event: 397.661 Thread 0x000001f0fe51fd30 DEOPT PACKING pc=0x000001f0e0a05f9e sp=0x00000022b66fc0a0
Event: 397.661 Thread 0x000001f0fe51fd30 DEOPT UNPACKING pc=0x000001f0e7a04242 sp=0x00000022b66fb580 mode 0

Classes loaded (20 events):
Event: 361.414 Loading class java/util/stream/DistinctOps$1
Event: 361.415 Loading class java/util/stream/DistinctOps$1 done
Event: 361.420 Loading class java/util/stream/DistinctOps$1$2
Event: 361.420 Loading class java/util/stream/DistinctOps$1$2 done
Event: 361.434 Loading class java/util/AbstractList$RandomAccessSubList
Event: 361.434 Loading class java/util/AbstractList$SubList
Event: 361.434 Loading class java/util/AbstractList$SubList done
Event: 361.435 Loading class java/util/AbstractList$RandomAccessSubList done
Event: 361.435 Loading class java/util/AbstractList$SubList$1
Event: 361.435 Loading class java/util/AbstractList$SubList$1 done
Event: 361.697 Loading class java/util/zip/CheckedInputStream
Event: 361.697 Loading class java/util/zip/CheckedInputStream done
Event: 362.551 Loading class java/nio/BufferMismatch
Event: 362.551 Loading class java/nio/BufferMismatch done
Event: 362.552 Loading class java/nio/file/attribute/PosixFileAttributes
Event: 362.552 Loading class java/nio/file/attribute/PosixFileAttributes done
Event: 362.559 Loading class sun/nio/fs/WindowsFileCopy
Event: 362.560 Loading class sun/nio/fs/WindowsFileCopy done
Event: 362.640 Loading class java/util/ImmutableCollections$SubList
Event: 362.641 Loading class java/util/ImmutableCollections$SubList done

Classes unloaded (10 events):
Event: 5.761 Thread 0x000001f0dd326f40 Unloading class 0x000001f0811aac00 'java/lang/invoke/LambdaForm$MH+0x000001f0811aac00'
Event: 5.761 Thread 0x000001f0dd326f40 Unloading class 0x000001f0811aa800 'java/lang/invoke/LambdaForm$MH+0x000001f0811aa800'
Event: 5.761 Thread 0x000001f0dd326f40 Unloading class 0x000001f0811aa400 'java/lang/invoke/LambdaForm$MH+0x000001f0811aa400'
Event: 5.761 Thread 0x000001f0dd326f40 Unloading class 0x000001f0811aa000 'java/lang/invoke/LambdaForm$MH+0x000001f0811aa000'
Event: 5.761 Thread 0x000001f0dd326f40 Unloading class 0x000001f0811a9c00 'java/lang/invoke/LambdaForm$BMH+0x000001f0811a9c00'
Event: 5.761 Thread 0x000001f0dd326f40 Unloading class 0x000001f0811a9800 'java/lang/invoke/LambdaForm$DMH+0x000001f0811a9800'
Event: 5.761 Thread 0x000001f0dd326f40 Unloading class 0x000001f0811a8400 'java/lang/invoke/LambdaForm$DMH+0x000001f0811a8400'
Event: 361.994 Thread 0x000001f0dd326f40 Unloading class 0x000001f081690800 'java/lang/invoke/LambdaForm$DMH+0x000001f081690800'
Event: 361.994 Thread 0x000001f0dd326f40 Unloading class 0x000001f081690400 'java/lang/invoke/LambdaForm$DMH+0x000001f081690400'
Event: 361.994 Thread 0x000001f0dd326f40 Unloading class 0x000001f081690000 'java/lang/invoke/LambdaForm$DMH+0x000001f081690000'

Classes redefined (0 events):
No events

Internal exceptions (20 events):
Event: 15.292 Thread 0x000001f0fc76a360 Exception <a 'sun/nio/fs/WindowsException'{0x00000000d5d4b150}> (0x00000000d5d4b150) 
thrown [s\src\hotspot\share\prims\jni.cpp, line 520]
Event: 15.341 Thread 0x000001f0fae60000 Exception <a 'java/io/FileNotFoundException'{0x00000000d60e36e8}> (0x00000000d60e36e8) 
thrown [s\src\hotspot\share\prims\jni.cpp, line 520]
Event: 15.342 Thread 0x000001f0fae60000 Exception <a 'java/io/FileNotFoundException'{0x00000000d60e4808}> (0x00000000d60e4808) 
thrown [s\src\hotspot\share\prims\jni.cpp, line 520]
Event: 15.342 Thread 0x000001f0fae60000 Exception <a 'java/io/FileNotFoundException'{0x00000000d60e55a8}> (0x00000000d60e55a8) 
thrown [s\src\hotspot\share\prims\jni.cpp, line 520]
Event: 15.674 Thread 0x000001f0fae5f970 Exception <a 'sun/nio/fs/WindowsException'{0x00000000d595a0c0}> (0x00000000d595a0c0) 
thrown [s\src\hotspot\share\prims\jni.cpp, line 520]
Event: 15.674 Thread 0x000001f0fae5f970 Exception <a 'sun/nio/fs/WindowsException'{0x00000000d595a7d0}> (0x00000000d595a7d0) 
thrown [s\src\hotspot\share\prims\jni.cpp, line 520]
Event: 361.445 Thread 0x000001f0fe521770 Exception <a 'sun/nio/fs/WindowsException'{0x00000000d5da9e68}> (0x00000000d5da9e68) 
thrown [s\src\hotspot\share\prims\jni.cpp, line 520]
Event: 361.445 Thread 0x000001f0fe521770 Exception <a 'sun/nio/fs/WindowsException'{0x00000000d5daaa90}> (0x00000000d5daaa90) 
thrown [s\src\hotspot\share\prims\jni.cpp, line 520]
Event: 361.454 Thread 0x000001f0fe521770 Exception <a 'java/lang/NoSuchMethodError'{0x00000000d5dde9b8}: 'java.lang.Object java.lang.invoke.DirectMethodHandle$Holder.invokeStatic(java.lang.Object, java.lang.Object, int, java.lang.Object)'> (0x00000000d5dde9b8) 
thrown [s\src\hotspot\share\interpreter\linkResolver.cpp, line 773]
Event: 361.455 Thread 0x000001f0fe521770 Exception <a 'java/lang/NoSuchMethodError'{0x00000000d5de5c58}: 'java.lang.Object java.lang.invoke.DirectMethodHandle$Holder.newInvokeSpecial(java.lang.Object, java.lang.Object, int)'> (0x00000000d5de5c58) 
thrown [s\src\hotspot\share\interpreter\linkResolver.cpp, line 773]
Event: 361.813 Thread 0x000001f0fae60d20 Exception <a 'java/lang/NoSuchMethodError'{0x00000000d559f1a8}: 'java.lang.Object java.lang.invoke.DirectMethodHandle$Holder.newInvokeSpecial(java.lang.Object, java.lang.Object, int, java.lang.Object, java.lang.Object)'> (0x00000000d559f1a8) 
thrown [s\src\hotspot\share\interpreter\linkResolver.cpp, line 773]
Event: 361.820 Thread 0x000001f0fae60d20 Exception <a 'java/lang/NoSuchMethodError'{0x00000000d55b9bd0}: 'java.lang.Object java.lang.invoke.DirectMethodHandle$Holder.invokeSpecial(java.lang.Object, java.lang.Object, java.lang.Object, int, java.lang.Object, java.lang.Object, java.lang.Object)'> (0x00000000d55b9bd0) 
thrown [s\src\hotspot\share\interpreter\linkResolver.cpp, line 773]
Event: 361.822 Thread 0x000001f0fae60d20 Exception <a 'java/lang/NoSuchMethodError'{0x00000000d55c2030}: 'java.lang.Object java.lang.invoke.DirectMethodHandle$Holder.invokeStatic(java.lang.Object, java.lang.Object, int, java.lang.Object, java.lang.Object)'> (0x00000000d55c2030) 
thrown [s\src\hotspot\share\interpreter\linkResolver.cpp, line 773]
Event: 361.845 Thread 0x000001f0fae60d20 Exception <a 'java/lang/NoSuchMethodError'{0x00000000d5647128}: 'void java.lang.invoke.DirectMethodHandle$Holder.invokeStatic(java.lang.Object, int)'> (0x00000000d5647128) 
thrown [s\src\hotspot\share\interpreter\linkResolver.cpp, line 773]
Event: 362.212 Thread 0x000001f0fae60d20 Exception <a 'java/io/FileNotFoundException'{0x00000000d581eed0}> (0x00000000d581eed0) 
thrown [s\src\hotspot\share\prims\jni.cpp, line 520]
Event: 362.212 Thread 0x000001f0fae60d20 Exception <a 'java/io/FileNotFoundException'{0x00000000d58201a8}> (0x00000000d58201a8) 
thrown [s\src\hotspot\share\prims\jni.cpp, line 520]
Event: 362.212 Thread 0x000001f0fae60d20 Exception <a 'java/io/FileNotFoundException'{0x00000000d58211d8}> (0x00000000d58211d8) 
thrown [s\src\hotspot\share\prims\jni.cpp, line 520]
Event: 362.352 Thread 0x000001f0fae60d20 Implicit null exception at 0x000001f0e82be69f to 0x000001f0e82bf340
Event: 362.561 Thread 0x000001f0fae60d20 Exception <a 'sun/nio/fs/WindowsException'{0x00000000d6276120}> (0x00000000d6276120) 
thrown [s\src\hotspot\share\prims\jni.cpp, line 520]
Event: 374.153 Thread 0x000001f0fae60d20 Exception <a 'sun/nio/fs/WindowsException'{0x00000000d59b6978}> (0x00000000d59b6978) 
thrown [s\src\hotspot\share\prims\jni.cpp, line 520]

ZGC Phase Switch (0 events):
No events

VM Operations (20 events):
Event: 361.418 Executing VM operation: HandshakeAllThreads (Deoptimize)
Event: 361.418 Executing VM operation: HandshakeAllThreads (Deoptimize) done
Event: 361.418 Executing VM operation: Cleanup
Event: 361.418 Executing VM operation: Cleanup done
Event: 361.438 Executing VM operation: HandshakeAllThreads (Deoptimize)
Event: 361.438 Executing VM operation: HandshakeAllThreads (Deoptimize) done
Event: 361.608 Executing VM operation: HandshakeAllThreads (Deoptimize)
Event: 361.608 Executing VM operation: HandshakeAllThreads (Deoptimize) done
Event: 361.754 Executing VM operation: ParallelGCFailedAllocation (Allocation Failure)
Event: 361.757 Executing VM operation: ParallelGCFailedAllocation (Allocation Failure) done
Event: 361.965 Executing VM operation: CollectForMetadataAllocation (Metadata GC Threshold)
Event: 362.149 Executing VM operation: CollectForMetadataAllocation (Metadata GC Threshold) done
Event: 362.382 Executing VM operation: ParallelGCFailedAllocation (Allocation Failure)
Event: 362.385 Executing VM operation: ParallelGCFailedAllocation (Allocation Failure) done
Event: 362.569 Executing VM operation: ParallelGCFailedAllocation (Allocation Failure)
Event: 362.572 Executing VM operation: ParallelGCFailedAllocation (Allocation Failure) done
Event: 363.573 Executing VM operation: Cleanup
Event: 363.573 Executing VM operation: Cleanup done
Event: 374.702 Executing VM operation: Cleanup
Event: 374.702 Executing VM operation: Cleanup done

Memory protections (0 events):
No events

Nmethod flushes (20 events):
Event: 362.044 Thread 0x000001f0dd326f40 flushing  nmethod 0x000001f0e0c20e10
Event: 362.044 Thread 0x000001f0dd326f40 flushing  nmethod 0x000001f0e0c23810
Event: 362.044 Thread 0x000001f0dd326f40 flushing  nmethod 0x000001f0e0c2dd10
Event: 362.044 Thread 0x000001f0dd326f40 flushing  nmethod 0x000001f0e0c49f10
Event: 362.044 Thread 0x000001f0dd326f40 flushing osr nmethod 0x000001f0e0c9ff10
Event: 362.044 Thread 0x000001f0dd326f40 flushing  nmethod 0x000001f0e0caad90
Event: 362.044 Thread 0x000001f0dd326f40 flushing  nmethod 0x000001f0e0cda610
Event: 362.044 Thread 0x000001f0dd326f40 flushing  nmethod 0x000001f0e0cdfd10
Event: 362.044 Thread 0x000001f0dd326f40 flushing  nmethod 0x000001f0e0ce0090
Event: 362.044 Thread 0x000001f0dd326f40 flushing  nmethod 0x000001f0e0ce0410
Event: 362.044 Thread 0x000001f0dd326f40 flushing  nmethod 0x000001f0e0d0ef90
Event: 362.044 Thread 0x000001f0dd326f40 flushing  nmethod 0x000001f0e0d12490
Event: 362.044 Thread 0x000001f0dd326f40 flushing  nmethod 0x000001f0e0d12d10
Event: 362.044 Thread 0x000001f0dd326f40 flushing  nmethod 0x000001f0e0d13410
Event: 362.044 Thread 0x000001f0dd326f40 flushing  nmethod 0x000001f0e0d19410
Event: 362.044 Thread 0x000001f0dd326f40 flushing  nmethod 0x000001f0e0d25f10
Event: 362.044 Thread 0x000001f0dd326f40 flushing  nmethod 0x000001f0e0d29f90
Event: 362.044 Thread 0x000001f0dd326f40 flushing  nmethod 0x000001f0e0d58010
Event: 362.044 Thread 0x000001f0dd326f40 flushing  nmethod 0x000001f0e0d5ba10
Event: 362.044 Thread 0x000001f0dd326f40 flushing  nmethod 0x000001f0e0d5da10

Events (20 events):
Event: 361.831 Thread 0x000001f0dd22dd50 Thread added: 0x000001f0fd4730f0
Event: 361.932 Thread 0x000001f0dd22dd50 Thread added: 0x000001f0fccc4910
Event: 362.279 Thread 0x000001f0fae60d20 Thread added: 0x000001f0fc76bda0
Event: 362.280 Thread 0x000001f0fae60d20 Thread added: 0x000001f0fc769640
Event: 362.280 Thread 0x000001f0fae60d20 Thread added: 0x000001f0fc76d7e0
Event: 362.281 Thread 0x000001f0fae60d20 Thread added: 0x000001f0fc76a360
Event: 362.281 Thread 0x000001f0fae60d20 Thread added: 0x000001f0fc770c60
Event: 362.319 Thread 0x000001f0fc76bda0 Thread exited: 0x000001f0fc76bda0
Event: 362.319 Thread 0x000001f0fc76d7e0 Thread exited: 0x000001f0fc76d7e0
Event: 362.319 Thread 0x000001f0fc76a360 Thread exited: 0x000001f0fc76a360
Event: 362.319 Thread 0x000001f0fc769640 Thread exited: 0x000001f0fc769640
Event: 362.319 Thread 0x000001f0fc770c60 Thread exited: 0x000001f0fc770c60
Event: 362.700 Thread 0x000001f0fae5f970 Thread added: 0x000001f0fc76bda0
Event: 367.715 Thread 0x000001f0fccc4910 Thread exited: 0x000001f0fccc4910
Event: 367.948 Thread 0x000001f0fd4730f0 Thread exited: 0x000001f0fd4730f0
Event: 374.145 Thread 0x000001f0dd22dd50 Thread added: 0x000001f0fac086f0
Event: 374.145 Thread 0x000001f0dd22dd50 Thread added: 0x000001f0fd5f8730
Event: 375.732 Thread 0x000001f0fc76a9f0 Thread exited: 0x000001f0fc76a9f0
Event: 379.278 Thread 0x000001f0fd5f8730 Thread exited: 0x000001f0fd5f8730
Event: 379.278 Thread 0x000001f0fac086f0 Thread exited: 0x000001f0fac086f0


Dynamic libraries:
0x00007ff740310000 - 0x00007ff74031e000 	c:\Users\jared\.vscode\extensions\redhat.java-1.52.0-win32-x64\jre\21.0.9-win32-x86_64\bin\java.exe
0x00007ffe2c740000 - 0x00007ffe2c9a8000 	C:\WINDOWS\SYSTEM32\ntdll.dll
0x00007ffe2b310000 - 0x00007ffe2b3d9000 	C:\WINDOWS\System32\KERNEL32.DLL
0x00007ffe29ab0000 - 0x00007ffe29ea1000 	C:\WINDOWS\System32\KERNELBASE.dll
0x00007ffe26510000 - 0x00007ffe265ae000 	C:\WINDOWS\SYSTEM32\apphelp.dll
0x00007ffe2a390000 - 0x00007ffe2a4db000 	C:\WINDOWS\System32\ucrtbase.dll
0x00007ffde5510000 - 0x00007ffde552e000 	c:\Users\jared\.vscode\extensions\redhat.java-1.52.0-win32-x64\jre\21.0.9-win32-x86_64\bin\VCRUNTIME140.dll
0x00007ffde47c0000 - 0x00007ffde47d8000 	c:\Users\jared\.vscode\extensions\redhat.java-1.52.0-win32-x64\jre\21.0.9-win32-x86_64\bin\jli.dll
0x00007ffe2c4b0000 - 0x00007ffe2c676000 	C:\WINDOWS\System32\USER32.dll
0x00007ffe2a360000 - 0x00007ffe2a387000 	C:\WINDOWS\System32\win32u.dll
0x00007ffe18320000 - 0x00007ffe185b3000 	C:\WINDOWS\WinSxS\amd64_microsoft.windows.common-controls_6595b64144ccf1df_6.0.26100.7824_none_3e0870b2e3345462\COMCTL32.dll
0x00007ffe2a880000 - 0x00007ffe2a8ab000 	C:\WINDOWS\System32\GDI32.dll
0x00007ffe2c340000 - 0x00007ffe2c3e9000 	C:\WINDOWS\System32\msvcrt.dll
0x00007ffe2a0b0000 - 0x00007ffe2a1db000 	C:\WINDOWS\System32\gdi32full.dll
0x00007ffe29890000 - 0x00007ffe29933000 	C:\WINDOWS\System32\msvcp_win.dll
0x00007ffe2b7a0000 - 0x00007ffe2b7d1000 	C:\WINDOWS\System32\IMM32.DLL
0x00007ffdeaa20000 - 0x00007ffdeaa2c000 	c:\Users\jared\.vscode\extensions\redhat.java-1.52.0-win32-x64\jre\21.0.9-win32-x86_64\bin\vcruntime140_1.dll
0x00007ffdbab80000 - 0x00007ffdbac0d000 	c:\Users\jared\.vscode\extensions\redhat.java-1.52.0-win32-x64\jre\21.0.9-win32-x86_64\bin\msvcp140.dll
0x00007ffd70670000 - 0x00007ffd71410000 	c:\Users\jared\.vscode\extensions\redhat.java-1.52.0-win32-x64\jre\21.0.9-win32-x86_64\bin\server\jvm.dll
0x00007ffe2b3e0000 - 0x00007ffe2b494000 	C:\WINDOWS\System32\ADVAPI32.dll
0x00007ffe2a4e0000 - 0x00007ffe2a586000 	C:\WINDOWS\System32\sechost.dll
0x00007ffe2b4a0000 - 0x00007ffe2b5b8000 	C:\WINDOWS\System32\RPCRT4.dll
0x00007ffe2c680000 - 0x00007ffe2c6f4000 	C:\WINDOWS\System32\WS2_32.dll
0x00007ffe28a10000 - 0x00007ffe28a6e000 	C:\WINDOWS\SYSTEM32\POWRPROF.dll
0x00007ffe22be0000 - 0x00007ffe22beb000 	C:\WINDOWS\SYSTEM32\VERSION.dll
0x00007ffe22990000 - 0x00007ffe229c5000 	C:\WINDOWS\SYSTEM32\WINMM.dll
0x00007ffe289f0000 - 0x00007ffe28a04000 	C:\WINDOWS\SYSTEM32\UMPDC.dll
0x00007ffe27dc0000 - 0x00007ffe27ddb000 	C:\WINDOWS\SYSTEM32\kernel.appcore.dll
0x00007ffdea830000 - 0x00007ffdea83a000 	c:\Users\jared\.vscode\extensions\redhat.java-1.52.0-win32-x64\jre\21.0.9-win32-x86_64\bin\jimage.dll
0x00007ffe26fa0000 - 0x00007ffe271e2000 	C:\WINDOWS\SYSTEM32\DBGHELP.DLL
0x00007ffe2bfa0000 - 0x00007ffe2c326000 	C:\WINDOWS\System32\combase.dll
0x00007ffe2b5c0000 - 0x00007ffe2b697000 	C:\WINDOWS\System32\OLEAUT32.dll
0x00007ffdffe30000 - 0x00007ffdffe6b000 	C:\WINDOWS\SYSTEM32\dbgcore.DLL
0x00007ffe29eb0000 - 0x00007ffe29f55000 	C:\WINDOWS\System32\bcryptPrimitives.dll
0x00007ffde9ed0000 - 0x00007ffde9edf000 	c:\Users\jared\.vscode\extensions\redhat.java-1.52.0-win32-x64\jre\21.0.9-win32-x86_64\bin\instrument.dll
0x00007ffde0620000 - 0x00007ffde0640000 	c:\Users\jared\.vscode\extensions\redhat.java-1.52.0-win32-x64\jre\21.0.9-win32-x86_64\bin\java.dll
0x00007ffe2abb0000 - 0x00007ffe2b302000 	C:\WINDOWS\System32\SHELL32.dll
0x00007ffe29940000 - 0x00007ffe29aaa000 	C:\WINDOWS\System32\wintypes.dll
0x00007ffe29020000 - 0x00007ffe29883000 	C:\WINDOWS\System32\windows.storage.dll
0x00007ffe2a590000 - 0x00007ffe2a686000 	C:\WINDOWS\System32\SHCORE.dll
0x00007ffe2a8b0000 - 0x00007ffe2a917000 	C:\WINDOWS\System32\shlwapi.dll
0x00007ffe28f40000 - 0x00007ffe28f69000 	C:\WINDOWS\SYSTEM32\profapi.dll
0x00007ffde0220000 - 0x00007ffde0238000 	c:\Users\jared\.vscode\extensions\redhat.java-1.52.0-win32-x64\jre\21.0.9-win32-x86_64\bin\zip.dll
0x00007ffde6e60000 - 0x00007ffde6e70000 	C:\Users\jared\.vscode\extensions\redhat.java-1.52.0-win32-x64\jre\21.0.9-win32-x86_64\bin\net.dll
0x00007ffe206d0000 - 0x00007ffe207f7000 	C:\WINDOWS\SYSTEM32\WINHTTP.dll
0x00007ffe28330000 - 0x00007ffe2839b000 	C:\WINDOWS\system32\mswsock.dll
0x00007ffdd6180000 - 0x00007ffdd6196000 	C:\Users\jared\.vscode\extensions\redhat.java-1.52.0-win32-x64\jre\21.0.9-win32-x86_64\bin\nio.dll
0x00007ffde65f0000 - 0x00007ffde6600000 	c:\Users\jared\.vscode\extensions\redhat.java-1.52.0-win32-x64\jre\21.0.9-win32-x86_64\bin\verify.dll
0x00007ffdd5e60000 - 0x00007ffdd5ea5000 	C:\Users\jared\AppData\Roaming\Code\User\globalStorage\redhat.java\1.52.0\config_win\org.eclipse.equinox.launcher\org.eclipse.equinox.launcher.win32.win32.x86_64_1.2.1500.v20260121-1430\eclipse_11919.dll
0x00007ffe2b7e0000 - 0x00007ffe2b977000 	C:\WINDOWS\System32\ole32.dll
0x00007ffe28600000 - 0x00007ffe2861b000 	C:\WINDOWS\SYSTEM32\CRYPTSP.dll
0x00007ffe27d20000 - 0x00007ffe27d59000 	C:\WINDOWS\system32\rsaenh.dll
0x00007ffe283e0000 - 0x00007ffe2840b000 	C:\WINDOWS\SYSTEM32\USERENV.dll
0x00007ffe28f10000 - 0x00007ffe28f3a000 	C:\WINDOWS\SYSTEM32\bcrypt.dll
0x00007ffe28830000 - 0x00007ffe2883c000 	C:\WINDOWS\SYSTEM32\CRYPTBASE.dll
0x00007ffe277a0000 - 0x00007ffe277d4000 	C:\WINDOWS\SYSTEM32\IPHLPAPI.DLL
0x00007ffe2c330000 - 0x00007ffe2c33a000 	C:\WINDOWS\System32\NSI.dll
0x00007ffd964e0000 - 0x00007ffd96529000 	C:\Users\jared\AppData\Local\Temp\jna-100895738\jna11239328800336878342.dll
0x00007ffe2a870000 - 0x00007ffe2a878000 	C:\WINDOWS\System32\PSAPI.DLL
0x00007ffe23f90000 - 0x00007ffe23fae000 	C:\WINDOWS\SYSTEM32\dhcpcsvc6.DLL
0x00007ffe23f60000 - 0x00007ffe23f83000 	C:\WINDOWS\SYSTEM32\dhcpcsvc.DLL
0x00007ffe27ee0000 - 0x00007ffe27f16000 	C:\WINDOWS\SYSTEM32\ntmarta.dll

JVMTI agents:
c:\Users\jared\.vscode\extensions\redhat.java-1.52.0-win32-x64\lombok\lombok-1.18.39-4050.jar path:c:\Users\jared\.vscode\extensions\redhat.java-1.52.0-win32-x64\jre\21.0.9-win32-x86_64\bin\instrument.dll, loaded, initialized, instrumentlib options:none

dbghelp: loaded successfully - version: 4.0.5 - missing functions: none
symbol engine: initialized successfully - sym options: 0x614 - pdb path: .;c:\Users\jared\.vscode\extensions\redhat.java-1.52.0-win32-x64\jre\21.0.9-win32-x86_64\bin;C:\WINDOWS\SYSTEM32;C:\WINDOWS\WinSxS\amd64_microsoft.windows.common-controls_6595b64144ccf1df_6.0.26100.7824_none_3e0870b2e3345462;c:\Users\jared\.vscode\extensions\redhat.java-1.52.0-win32-x64\jre\21.0.9-win32-x86_64\bin\server;C:\Users\jared\AppData\Roaming\Code\User\globalStorage\redhat.java\1.52.0\config_win\org.eclipse.equinox.launcher\org.eclipse.equinox.launcher.win32.win32.x86_64_1.2.1500.v20260121-1430;C:\Users\jared\AppData\Local\Temp\jna-100895738

VM Arguments:
jvm_args: --add-modules=ALL-SYSTEM --add-opens=java.base/java.util=ALL-UNNAMED --add-opens=java.base/java.lang=ALL-UNNAMED --add-opens=java.base/sun.nio.fs=ALL-UNNAMED -Declipse.application=org.eclipse.jdt.ls.core.id1 -Dosgi.bundles.defaultStartLevel=4 -Declipse.product=org.eclipse.jdt.ls.core.product -Djava.import.generatesMetadataFilesAtProjectRoot=false -DDetectVMInstallationsJob.disabled=true -Dfile.encoding=utf8 -XX:+UseParallelGC -XX:GCTimeRatio=4 -XX:AdaptiveSizePolicyWeight=90 -Dsun.zip.disableMemoryMapping=true -Xmx2G -Xms100m -Xlog:disable -javaagent:c:\Users\jared\.vscode\extensions\redhat.java-1.52.0-win32-x64\lombok\lombok-1.18.39-4050.jar -XX:+HeapDumpOnOutOfMemoryError -XX:HeapDumpPath=c:\Users\jared\AppData\Roaming\Code\User\workspaceStorage\e34d3a93796a54bcb5c87ca0179e3c1b\redhat.java -Daether.dependencyCollector.impl=bf 
java_command: c:\Users\jared\.vscode\extensions\redhat.java-1.52.0-win32-x64\server\plugins\org.eclipse.equinox.launcher_1.7.100.v20251111-0406.jar -configuration c:\Users\jared\AppData\Roaming\Code\User\globalStorage\redhat.java\1.52.0\config_win -data c:\Users\jared\AppData\Roaming\Code\User\workspaceStorage\e34d3a93796a54bcb5c87ca0179e3c1b\redhat.java\jdt_ws --pipe=\\.\pipe\lsp-fe19b735e73cc6fa90f205cc8b48a68d-sock
java_class_path (initial): c:\Users\jared\.vscode\extensions\redhat.java-1.52.0-win32-x64\server\plugins\org.eclipse.equinox.launcher_1.7.100.v20251111-0406.jar
Launcher Type: SUN_STANDARD

[Global flags]
    uintx AdaptiveSizePolicyWeight                 = 90                                        {product} {command line}
     intx CICompilerCount                          = 4                                         {product} {ergonomic}
    uintx GCTimeRatio                              = 4                                         {product} {command line}
     bool HeapDumpOnOutOfMemoryError               = true                                   {manageable} {command line}
    ccstr HeapDumpPath                             = c:\Users\jared\AppData\Roaming\Code\User\workspaceStorage\e34d3a93796a54bcb5c87ca0179e3c1b\redhat.java         {manageable} {command line}
   size_t InitialHeapSize                          = 104857600                                 {product} {command line}
   size_t MaxHeapSize                              = 2147483648                                {product} {command line}
   size_t MaxNewSize                               = 715653120                                 {product} {ergonomic}
   size_t MinHeapDeltaBytes                        = 524288                                    {product} {ergonomic}
   size_t MinHeapSize                              = 104857600                                 {product} {command line}
   size_t NewSize                                  = 34603008                                  {product} {ergonomic}
    uintx NonNMethodCodeHeapSize                   = 5839372                                {pd product} {ergonomic}
    uintx NonProfiledCodeHeapSize                  = 122909434                              {pd product} {ergonomic}
   size_t OldSize                                  = 70254592                                  {product} {ergonomic}
    uintx ProfiledCodeHeapSize                     = 122909434                              {pd product} {ergonomic}
    uintx ReservedCodeCacheSize                    = 251658240                              {pd product} {ergonomic}
     bool SegmentedCodeCache                       = true                                      {product} {ergonomic}
   size_t SoftMaxHeapSize                          = 2147483648                             {manageable} {ergonomic}
     bool UseCompressedOops                        = true                           {product lp64_product} {ergonomic}
     bool UseLargePagesIndividualAllocation        = false                                  {pd product} {ergonomic}
     bool UseParallelGC                            = true                                      {product} {command line}

Logging:
Log output configuration:
 #0: stdout all=off uptime,level,tags foldmultilines=false
 #1: stderr all=off uptime,level,tags foldmultilines=false

Release file:
JAVA_VERSION="21.0.9" 
MODULES="java.base java.compiler java.datatransfer java.xml java.prefs java.desktop java.instrument java.logging java.management java.security.sasl java.naming java.rmi java.management.rmi java.net.http java.scripting java.security.jgss java.transaction.xa java.sql java.sql.rowset java.xml.crypto java.se java.smartcardio jdk.accessibility jdk.internal.jvmstat jdk.attach jdk.charsets jdk.internal.opt jdk.zipfs jdk.compiler jdk.crypto.ec jdk.crypto.cryptoki jdk.crypto.mscapi jdk.dynalink jdk.internal.ed jdk.editpad jdk.hotspot.agent jdk.httpserver jdk.internal.le jdk.internal.vm.ci jdk.internal.vm.compiler jdk.internal.vm.compiler.management jdk.jartool jdk.javadoc jdk.jcmd jdk.management jdk.management.agent jdk.jconsole jdk.jdeps jdk.jdwp.agent jdk.jdi jdk.jfr jdk.jshell jdk.jsobject jdk.jstatd jdk.localedata jdk.management.jfr jdk.naming.dns jdk.naming.rmi jdk.net jdk.nio.mapmode jdk.random jdk.sctp jdk.security.auth jdk.security.jgss jdk.unsupported jdk.unsupported.desktop jdk.xml.dom" 

Environment Variables:
JAVA_HOME=C:\Program Files\Eclipse Adoptium\jdk-21.0.6.7-hotspot\
PATH=C:\app\jared\product\21c\dbhomeXE\bin;C:\Program Files\Eclipse Adoptium\jdk-21.0.6.7-hotspot\bin;C:\WINDOWS\system32;C:\WINDOWS;C:\WINDOWS\System32\Wbem;C:\WINDOWS\System32\WindowsPowerShell\v1.0\;C:\WINDOWS\System32\OpenSSH\;C:\Program Files\Git\cmd;C:\Users\jared\anaconda3;C:\Users\jared\anaconda3\Library\mingw-w64\bin;C:\Users\jared\anaconda3\Library\usr\bin;C:\Users\jared\anaconda3\Library\bin;C:\Users\jared\anaconda3\Scripts;C:\Users\jared\AppData\Local\Programs\Python\Launcher\;C:\Users\jared\AppData\Local\Microsoft\WindowsApps;C:\Users\jared\AppData\Local\Programs\Microsoft VS Code\bin;C:\MinGW\bin;C:\Users\jared\AppData\Local\Programs\Python\Python313\;C:\Users\jared\AppData\Local\Programs\Python\Python313\Scripts\;C:\Users\jared\Dev\flutter\bin;
USERNAME=jared
OS=Windows_NT
PROCESSOR_IDENTIFIER=AMD64 Family 25 Model 80 Stepping 0, AuthenticAMD
TMP=C:\Users\jared\AppData\Local\Temp
TEMP=C:\Users\jared\AppData\Local\Temp




Periodic native trim disabled

---------------  S Y S T E M  ---------------

OS:
 Windows 11 , 64 bit Build 26100 (10.0.26100.7705)
OS uptime: 0 days 1:23 hours
Hyper-V role detected

CPU: total 12 (initial active 12) (12 cores per cpu, 2 threads per core) family 25 model 80 stepping 0 microcode 0xa50000d, cx8, cmov, fxsr, ht, mmx, 3dnowpref, sse, sse2, sse3, ssse3, sse4a, sse4.1, sse4.2, popcnt, lzcnt, tsc, tscinvbit, avx, avx2, aes, erms, clmul, bmi1, bmi2, adx, sha, fma, vzeroupper, clflush, clflushopt, hv, rdtscp, rdpid, fsrm, f16c, cet_ss
Processor Information for the first 12 processors :
  Max Mhz: 2000, Current Mhz: 1890, Mhz Limit: 2000

Memory: 4k page, system-wide physical 7579M (1206M free)
TotalPageFile size 16767M (AvailPageFile size 0M)
current process WorkingSet (physical memory assigned to process): 266M, peak: 302M
current process commit charge ("private bytes"): 346M, peak: 383M

vm_info: OpenJDK 64-Bit Server VM (21.0.9+10-LTS) for windows-amd64 JRE (21.0.9+10-LTS), built on 2025-10-21T00:00:00Z by "admin" with unknown MS VC++:1942

END.
