#
# There is insufficient memory for the Java Runtime Environment to continue.
# Native memory allocation (malloc) failed to allocate 1240496 bytes. Error detail: Chunk::new
# Possible reasons:
#   The system is out of physical RAM or swap space
#   This process is running with CompressedOops enabled, and the Java Heap may be blocking the growth of the native heap
# Possible solutions:
#   Reduce memory load on the system
#   Increase physical memory or swap space
#   Check if swap backing store is full
#   Decrease Java heap size (-Xmx/-Xms)
#   Decrease number of Java threads
#   Decrease Java thread stack sizes (-Xss)
#   Set larger code cache with -XX:ReservedCodeCacheSize=
#   JVM is running with Unscaled Compressed Oops mode in which the Java heap is
#     placed in the first 4GB address space. The Java Heap base address is the
#     maximum limit for the native heap growth. Please use -XX:HeapBaseMinAddress
#     to set the Java Heap base and to place the Java Heap above 4GB virtual address.
# This output file may be truncated or incomplete.
#
#  Out of Memory Error (arena.cpp:168), pid=18576, tid=17732
#
# JRE version: OpenJDK Runtime Environment Temurin-21.0.9+10 (21.0.9+10) (build 21.0.9+10-LTS)
# Java VM: OpenJDK 64-Bit Server VM Temurin-21.0.9+10 (21.0.9+10-LTS, mixed mode, sharing, tiered, compressed oops, compressed class ptrs, parallel gc, windows-amd64)
# No core dump will be written. Minidumps are not enabled by default on client versions of Windows
#

---------------  S U M M A R Y ------------

Command Line: --add-modules=ALL-SYSTEM --add-opens=java.base/java.util=ALL-UNNAMED --add-opens=java.base/java.lang=ALL-UNNAMED --add-opens=java.base/sun.nio.fs=ALL-UNNAMED -Declipse.application=org.eclipse.jdt.ls.core.id1 -Dosgi.bundles.defaultStartLevel=4 -Declipse.product=org.eclipse.jdt.ls.core.product -Djava.import.generatesMetadataFilesAtProjectRoot=false -DDetectVMInstallationsJob.disabled=true -Dfile.encoding=utf8 -XX:+UseParallelGC -XX:GCTimeRatio=4 -XX:AdaptiveSizePolicyWeight=90 -Dsun.zip.disableMemoryMapping=true -Xmx2G -Xms100m -Xlog:disable -javaagent:c:\Users\jared\.vscode\extensions\redhat.java-1.52.0-win32-x64\lombok\lombok-1.18.39-4050.jar -XX:+HeapDumpOnOutOfMemoryError -XX:HeapDumpPath=c:\Users\jared\AppData\Roaming\Code\User\workspaceStorage\e34d3a93796a54bcb5c87ca0179e3c1b\redhat.java -Daether.dependencyCollector.impl=bf c:\Users\jared\.vscode\extensions\redhat.java-1.52.0-win32-x64\server\plugins\org.eclipse.equinox.launcher_1.7.100.v20251111-0406.jar -configuration c:\Users\jared\AppData\Roaming\Code\User\globalStorage\redhat.java\1.52.0\config_win -data c:\Users\jared\AppData\Roaming\Code\User\workspaceStorage\e34d3a93796a54bcb5c87ca0179e3c1b\redhat.java\jdt_ws --pipe=\\.\pipe\lsp-affe45c1b2ac7a5778a645ba68aea3c6-sock

Host: AMD Ryzen 5 7530U with Radeon Graphics         , 12 cores, 7G,  Windows 11 , 64 bit Build 26100 (10.0.26100.7705)
Time: Wed Feb 11 23:48:52 2026 Hora estándar central (México) elapsed time: 329.251623 seconds (0d 0h 5m 29s)

---------------  T H R E A D  ---------------

Current thread (0x00000205fc9ce3c0):  JavaThread "C2 CompilerThread1" daemon [_thread_in_native, id=17732, stack(0x0000008017a00000,0x0000008017b00000) (1024K)]


Current CompileTask:
C2:329251 16228   !   4       org.eclipse.jdt.internal.core.NameLookup::findType (673 bytes)

Stack: [0x0000008017a00000,0x0000008017b00000]
Native frames: (J=compiled Java code, j=interpreted, Vv=VM code, C=native code)
V  [jvm.dll+0x6d6e29]
V  [jvm.dll+0x8b4b76]
V  [jvm.dll+0x8b712e]
V  [jvm.dll+0x8b7813]
V  [jvm.dll+0x283d86]
V  [jvm.dll+0xc66ed]
V  [jvm.dll+0xc6c31]
V  [jvm.dll+0x3be501]
V  [jvm.dll+0x1e3b52]
V  [jvm.dll+0x24c0f3]
V  [jvm.dll+0x24b580]
V  [jvm.dll+0x1cb13e]
V  [jvm.dll+0x25b29d]
V  [jvm.dll+0x25982a]
V  [jvm.dll+0x3f7ea6]
V  [jvm.dll+0x85e9ad]
V  [jvm.dll+0x6d565d]
C  [ucrtbase.dll+0x37b0]
C  [KERNEL32.DLL+0x2e8d7]
C  [ntdll.dll+0x8c40c]


---------------  P R O C E S S  ---------------

Threads class SMR info:
_java_thread_list=0x00000205fc9c2170, length=65, elements={
0x00000205d7b4e070, 0x00000205d7be93e0, 0x00000205f052d390, 0x00000205d7bf1ef0,
0x00000205d7bf6cd0, 0x00000205d7bf6640, 0x00000205d7bf5fb0, 0x00000205d7bfdf80,
0x00000205f1a0c300, 0x00000205d7bf8080, 0x00000205d7bf79f0, 0x00000205d7bf5290,
0x00000205d7bf7360, 0x00000205d7bf5920, 0x00000205f79627c0, 0x00000205f795f9d0,
0x00000205f795f340, 0x00000205f7961aa0, 0x00000205f7962e50, 0x00000205f79606f0,
0x00000205f79662d0, 0x00000205f7965c40, 0x00000205f7964f20, 0x00000205f7966960,
0x00000205f7964200, 0x00000205f7964890, 0x00000205f79655b0, 0x00000205f9d79fb0,
0x00000205f9d79920, 0x00000205f9d7c080, 0x00000205f9d7b360, 0x00000205f9d7d430,
0x00000205f9d7cda0, 0x00000205f9d7dac0, 0x00000205f9d7a640, 0x00000205f9d7b9f0,
0x00000205f9d7e150, 0x00000205f9d7c710, 0x00000205f9d7acd0, 0x00000205f9d7e7e0,
0x00000205f9d7ee70, 0x00000205f9d7f500, 0x00000205f9d7fb90, 0x00000205f9d80220,
0x00000205f9d808b0, 0x00000205f9d80f40, 0x00000205f85e75c0, 0x00000205f85e6210,
0x00000205f85e8970, 0x00000205f85e5b80, 0x00000205f85e9000, 0x00000205f9a23a90,
0x00000205f9a275a0, 0x00000205f9a28950, 0x00000205f9a28fe0, 0x00000205f79634e0,
0x00000205f7963b70, 0x00000205f7960d80, 0x00000205f85e9690, 0x00000205f9a24e40,
0x00000205f7962130, 0x00000205f85e82e0, 0x00000205fc25ab00, 0x00000205fc9ce3c0,
0x00000205fc9cbae0
}

Java Threads: ( => current thread )
  0x00000205d7b4e070 JavaThread "main"                              [_thread_blocked, id=4804, stack(0x0000008017c00000,0x0000008017d00000) (1024K)]
  0x00000205d7be93e0 JavaThread "Reference Handler"          daemon [_thread_blocked, id=16872, stack(0x0000008018000000,0x0000008018100000) (1024K)]
  0x00000205f052d390 JavaThread "Finalizer"                  daemon [_thread_blocked, id=17252, stack(0x0000008018100000,0x0000008018200000) (1024K)]
  0x00000205d7bf1ef0 JavaThread "Signal Dispatcher"          daemon [_thread_blocked, id=19532, stack(0x0000008018200000,0x0000008018300000) (1024K)]
  0x00000205d7bf6cd0 JavaThread "Attach Listener"            daemon [_thread_blocked, id=20764, stack(0x0000008018300000,0x0000008018400000) (1024K)]
  0x00000205d7bf6640 JavaThread "Service Thread"             daemon [_thread_blocked, id=19928, stack(0x0000008018400000,0x0000008018500000) (1024K)]
  0x00000205d7bf5fb0 JavaThread "Monitor Deflation Thread"   daemon [_thread_blocked, id=4216, stack(0x0000008018500000,0x0000008018600000) (1024K)]
  0x00000205d7bfdf80 JavaThread "C2 CompilerThread0"         daemon [_thread_in_native, id=11016, stack(0x0000008018600000,0x0000008018700000) (1024K)]
  0x00000205f1a0c300 JavaThread "C1 CompilerThread0"         daemon [_thread_blocked, id=6824, stack(0x0000008018700000,0x0000008018800000) (1024K)]
  0x00000205d7bf8080 JavaThread "Common-Cleaner"             daemon [_thread_blocked, id=9700, stack(0x0000008018800000,0x0000008018900000) (1024K)]
  0x00000205d7bf79f0 JavaThread "Notification Thread"        daemon [_thread_blocked, id=19516, stack(0x0000008018900000,0x0000008018a00000) (1024K)]
  0x00000205d7bf5290 JavaThread "Active Thread: Equinox Container: d9ec7103-a55f-4ba1-b1e3-695b56f43f9e"        [_thread_blocked, id=6468, stack(0x0000008019200000,0x0000008019300000) (1024K)]
  0x00000205d7bf7360 JavaThread "Refresh Thread: Equinox Container: d9ec7103-a55f-4ba1-b1e3-695b56f43f9e" daemon [_thread_blocked, id=18908, stack(0x0000008019400000,0x0000008019500000) (1024K)]
  0x00000205d7bf5920 JavaThread "Framework Event Dispatcher: Equinox Container: d9ec7103-a55f-4ba1-b1e3-695b56f43f9e" daemon [_thread_blocked, id=16048, stack(0x0000008019500000,0x0000008019600000) (1024K)]
  0x00000205f79627c0 JavaThread "Start Level: Equinox Container: d9ec7103-a55f-4ba1-b1e3-695b56f43f9e" daemon [_thread_blocked, id=6748, stack(0x0000008019600000,0x0000008019700000) (1024K)]
  0x00000205f795f9d0 JavaThread "Bundle File Closer"         daemon [_thread_blocked, id=20080, stack(0x0000008019900000,0x0000008019a00000) (1024K)]
  0x00000205f795f340 JavaThread "SCR Component Actor"        daemon [_thread_blocked, id=21348, stack(0x0000008018a00000,0x0000008018b00000) (1024K)]
  0x00000205f7961aa0 JavaThread "Worker-JM"                         [_thread_blocked, id=16792, stack(0x0000008019100000,0x0000008019200000) (1024K)]
  0x00000205f7962e50 JavaThread "JNA Cleaner"                daemon [_thread_blocked, id=18208, stack(0x0000008019a00000,0x0000008019b00000) (1024K)]
  0x00000205f79606f0 JavaThread "Java indexing"              daemon [_thread_blocked, id=16496, stack(0x0000008019f00000,0x000000801a000000) (1024K)]
  0x00000205f79662d0 JavaThread "Thread-1"                   daemon [_thread_in_native, id=18280, stack(0x000000801a500000,0x000000801a600000) (1024K)]
  0x00000205f7965c40 JavaThread "Thread-2"                   daemon [_thread_in_native, id=10760, stack(0x000000801a600000,0x000000801a700000) (1024K)]
  0x00000205f7964f20 JavaThread "Thread-3"                   daemon [_thread_in_native, id=16484, stack(0x000000801a700000,0x000000801a800000) (1024K)]
  0x00000205f7966960 JavaThread "Thread-4"                   daemon [_thread_in_native, id=3696, stack(0x000000801a800000,0x000000801a900000) (1024K)]
  0x00000205f7964200 JavaThread "Thread-5"                   daemon [_thread_in_native, id=14992, stack(0x000000801a900000,0x000000801aa00000) (1024K)]
  0x00000205f7964890 JavaThread "Thread-6"                   daemon [_thread_in_native, id=20364, stack(0x000000801aa00000,0x000000801ab00000) (1024K)]
  0x00000205f79655b0 JavaThread "Thread-7"                   daemon [_thread_in_native, id=16604, stack(0x000000801ab00000,0x000000801ac00000) (1024K)]
  0x00000205f9d79fb0 JavaThread "Thread-8"                   daemon [_thread_in_native, id=19132, stack(0x000000801ac00000,0x000000801ad00000) (1024K)]
  0x00000205f9d79920 JavaThread "Thread-9"                   daemon [_thread_in_native, id=17784, stack(0x000000801ad00000,0x000000801ae00000) (1024K)]
  0x00000205f9d7c080 JavaThread "Thread-10"                  daemon [_thread_in_native, id=17900, stack(0x000000801ae00000,0x000000801af00000) (1024K)]
  0x00000205f9d7b360 JavaThread "Thread-11"                  daemon [_thread_in_native, id=8732, stack(0x000000801af00000,0x000000801b000000) (1024K)]
  0x00000205f9d7d430 JavaThread "Thread-12"                  daemon [_thread_in_native, id=19864, stack(0x000000801b000000,0x000000801b100000) (1024K)]
  0x00000205f9d7cda0 JavaThread "Thread-13"                  daemon [_thread_in_native, id=17012, stack(0x000000801b100000,0x000000801b200000) (1024K)]
  0x00000205f9d7dac0 JavaThread "pool-2-thread-1"                   [_thread_blocked, id=17132, stack(0x000000801b200000,0x000000801b300000) (1024K)]
  0x00000205f9d7a640 JavaThread "WorkspaceEventsHandler"            [_thread_blocked, id=14580, stack(0x000000801b300000,0x000000801b400000) (1024K)]
  0x00000205f9d7b9f0 JavaThread "pool-1-thread-1"                   [_thread_blocked, id=19924, stack(0x000000801b400000,0x000000801b500000) (1024K)]
  0x00000205f9d7e150 JavaThread "ForkJoinPool.commonPool-worker-1" daemon [_thread_blocked, id=15812, stack(0x000000801b500000,0x000000801b600000) (1024K)]
  0x00000205f9d7c710 JavaThread "ForkJoinPool.commonPool-worker-2" daemon [_thread_blocked, id=14736, stack(0x000000801b600000,0x000000801b700000) (1024K)]
  0x00000205f9d7acd0 JavaThread "ForkJoinPool.commonPool-worker-3" daemon [_thread_blocked, id=18996, stack(0x000000801b700000,0x000000801b800000) (1024K)]
  0x00000205f9d7e7e0 JavaThread "ForkJoinPool.commonPool-worker-4" daemon [_thread_blocked, id=20488, stack(0x000000801b800000,0x000000801b900000) (1024K)]
  0x00000205f9d7ee70 JavaThread "ForkJoinPool.commonPool-worker-5" daemon [_thread_blocked, id=18024, stack(0x000000801b900000,0x000000801ba00000) (1024K)]
  0x00000205f9d7f500 JavaThread "ForkJoinPool.commonPool-worker-7" daemon [_thread_blocked, id=17148, stack(0x000000801ba00000,0x000000801bb00000) (1024K)]
  0x00000205f9d7fb90 JavaThread "ForkJoinPool.commonPool-worker-6" daemon [_thread_blocked, id=12092, stack(0x000000801bb00000,0x000000801bc00000) (1024K)]
  0x00000205f9d80220 JavaThread "ForkJoinPool.commonPool-worker-8" daemon [_thread_blocked, id=5484, stack(0x000000801bc00000,0x000000801bd00000) (1024K)]
  0x00000205f9d808b0 JavaThread "ForkJoinPool.commonPool-worker-9" daemon [_thread_blocked, id=20696, stack(0x000000801bd00000,0x000000801be00000) (1024K)]
  0x00000205f9d80f40 JavaThread "ForkJoinPool.commonPool-worker-11" daemon [_thread_blocked, id=20664, stack(0x000000801be00000,0x000000801bf00000) (1024K)]
  0x00000205f85e75c0 JavaThread "ForkJoinPool.commonPool-worker-10" daemon [_thread_blocked, id=17928, stack(0x000000801bf00000,0x000000801c000000) (1024K)]
  0x00000205f85e6210 JavaThread "Worker-5"                          [_thread_blocked, id=2308, stack(0x000000801c000000,0x000000801c100000) (1024K)]
  0x00000205f85e8970 JavaThread "LocalFile Deleter"          daemon [_thread_blocked, id=13500, stack(0x000000801c300000,0x000000801c400000) (1024K)]
  0x00000205f85e5b80 JavaThread "LocalFile Deleter"          daemon [_thread_blocked, id=14492, stack(0x000000801c400000,0x000000801c500000) (1024K)]
  0x00000205f85e9000 JavaThread "Worker-6"                          [_thread_blocked, id=12564, stack(0x000000801cd00000,0x000000801ce00000) (1024K)]
  0x00000205f9a23a90 JavaThread "Cleaner-0"                  daemon [_thread_blocked, id=16472, stack(0x000000801d400000,0x000000801d500000) (1024K)]
  0x00000205f9a275a0 JavaThread "Worker-7"                          [_thread_blocked, id=3632, stack(0x0000008017900000,0x0000008017a00000) (1024K)]
  0x00000205f9a28950 JavaThread "Worker-8"                          [_thread_blocked, id=18888, stack(0x0000008019d00000,0x0000008019e00000) (1024K)]
  0x00000205f9a28fe0 JavaThread "Worker-9"                          [_thread_blocked, id=15524, stack(0x0000008019e00000,0x0000008019f00000) (1024K)]
  0x00000205f79634e0 JavaThread "Compiler Source File Reader" daemon [_thread_blocked, id=4136, stack(0x0000008017b00000,0x0000008017c00000) (1024K)]
  0x00000205f7963b70 JavaThread "Compiler Processing Task"   daemon [_thread_blocked, id=19768, stack(0x0000008019c00000,0x0000008019d00000) (1024K)]
  0x00000205f7960d80 JavaThread "Worker-10"                         [_thread_blocked, id=10072, stack(0x000000801c600000,0x000000801c700000) (1024K)]
  0x00000205f85e9690 JavaThread "Compiler Source File Reader" daemon [_thread_blocked, id=20720, stack(0x0000008019b00000,0x0000008019c00000) (1024K)]
  0x00000205f9a24e40 JavaThread "Compiler Source File Reader" daemon [_thread_blocked, id=12208, stack(0x000000801a100000,0x000000801a200000) (1024K)]
  0x00000205f7962130 JavaThread "Worker-11"                         [_thread_blocked, id=18152, stack(0x000000801a300000,0x000000801a400000) (1024K)]
  0x00000205f85e82e0 JavaThread "Compiler Source File Reader" daemon [_thread_blocked, id=15368, stack(0x000000801a200000,0x000000801a300000) (1024K)]
  0x00000205fc25ab00 JavaThread "Compiler Source File Reader" daemon [_thread_blocked, id=8036, stack(0x000000801a400000,0x000000801a500000) (1024K)]
=>0x00000205fc9ce3c0 JavaThread "C2 CompilerThread1"         daemon [_thread_in_native, id=17732, stack(0x0000008017a00000,0x0000008017b00000) (1024K)]
  0x00000205fc9cbae0 JavaThread "C2 CompilerThread2"         daemon [_thread_blocked, id=15564, stack(0x000000801c200000,0x000000801c300000) (1024K)]
Total: 65

Other Threads:
  0x00000205f0512e60 VMThread "VM Thread"                           [id=13960, stack(0x0000008017f00000,0x0000008018000000) (1024K)]
  0x00000205f040ca00 WatcherThread "VM Periodic Task Thread"        [id=6368, stack(0x0000008017e00000,0x0000008017f00000) (1024K)]
  0x00000205d7b667e0 WorkerThread "GC Thread#0"                     [id=10672, stack(0x0000008017d00000,0x0000008017e00000) (1024K)]
  0x00000205f7814aa0 WorkerThread "GC Thread#1"                     [id=16448, stack(0x0000008018b00000,0x0000008018c00000) (1024K)]
  0x00000205f7125420 WorkerThread "GC Thread#2"                     [id=11952, stack(0x0000008018c00000,0x0000008018d00000) (1024K)]
  0x00000205f7584b20 WorkerThread "GC Thread#3"                     [id=10512, stack(0x0000008018d00000,0x0000008018e00000) (1024K)]
  0x00000205f7584ec0 WorkerThread "GC Thread#4"                     [id=17664, stack(0x0000008018e00000,0x0000008018f00000) (1024K)]
  0x00000205f7722990 WorkerThread "GC Thread#5"                     [id=18876, stack(0x0000008018f00000,0x0000008019000000) (1024K)]
  0x00000205f7722d30 WorkerThread "GC Thread#6"                     [id=4732, stack(0x0000008019000000,0x0000008019100000) (1024K)]
  0x00000205f79a8a50 WorkerThread "GC Thread#7"                     [id=14776, stack(0x0000008019300000,0x0000008019400000) (1024K)]
  0x00000205f79a8310 WorkerThread "GC Thread#8"                     [id=8336, stack(0x0000008019700000,0x0000008019800000) (1024K)]
  0x00000205f79a86b0 WorkerThread "GC Thread#9"                     [id=10576, stack(0x0000008019800000,0x0000008019900000) (1024K)]
Total: 12

Threads with active compile tasks:
C2 CompilerThread0  329312 16364 % !   4       org.eclipse.jdt.internal.core.NameLookup::<init> @ 173 (805 bytes)
C2 CompilerThread1  329312 16228   !   4       org.eclipse.jdt.internal.core.NameLookup::findType (673 bytes)
Total: 2

VM state: not at safepoint (normal execution)

VM Mutex/Monitor currently owned by a thread: None

Heap address: 0x0000000080000000, size: 2048 MB, Compressed Oops mode: 32-bit

CDS archive(s) mapped at: [0x0000020580000000-0x0000020580ba0000-0x0000020580ba0000), size 12189696, SharedBaseAddress: 0x0000020580000000, ArchiveRelocationMode: 1.
Compressed class space mapped at: 0x0000020581000000-0x00000205c1000000, reserved size: 1073741824
Narrow klass base: 0x0000020580000000, Narrow klass shift: 0, Narrow klass range: 0x100000000

GC Precious Log:
 CardTable entry size: 512
 CPUs: 12 total, 12 available
 Memory: 7579M
 Large Page Support: Disabled
 NUMA Support: Disabled
 Compressed Oops: Enabled (32-bit)
 Alignments: Space 512K, Generation 512K, Heap 2M
 Heap Min Capacity: 100M
 Heap Initial Capacity: 100M
 Heap Max Capacity: 2G
 Pre-touch: Disabled
 Parallel Workers: 10

Heap:
 PSYoungGen      total 3072K, used 3003K [0x00000000d5580000, 0x00000000d5980000, 0x0000000100000000)
  eden space 2560K, 97% used [0x00000000d5580000,0x00000000d57eefc8,0x00000000d5800000)
  from space 512K, 100% used [0x00000000d5900000,0x00000000d5980000,0x00000000d5980000)
  to   space 512K, 0% used [0x00000000d5800000,0x00000000d5800000,0x00000000d5880000)
 ParOldGen       total 314880K, used 123668K [0x0000000080000000, 0x0000000093380000, 0x00000000d5580000)
  object space 314880K, 39% used [0x0000000080000000,0x00000000878c50b8,0x0000000093380000)
 Metaspace       used 86828K, committed 88768K, reserved 1179648K
  class space    used 9299K, committed 10176K, reserved 1048576K

Card table byte_map: [0x00000205eb840000,0x00000205ebc50000] _byte_map_base: 0x00000205eb440000

Marking Bits: (ParMarkBitMap*) 0x00007ffd79b22460
 Begin Bits: [0x00000205ebf00000, 0x00000205edf00000)
 End Bits:   [0x00000205edf00000, 0x00000205eff00000)

Polling page: 0x00000205d7fa0000

Metaspace:

Usage:
  Non-class:     75.71 MB used.
      Class:      9.08 MB used.
       Both:     84.79 MB used.

Virtual space:
  Non-class space:      128.00 MB reserved,      76.75 MB ( 60%) committed,  2 nodes.
      Class space:        1.00 GB reserved,       9.94 MB ( <1%) committed,  1 nodes.
             Both:        1.12 GB reserved,      86.69 MB (  8%) committed. 

Chunk freelists:
   Non-Class:  2.98 MB
       Class:  5.90 MB
        Both:  8.88 MB

MaxMetaspaceSize: unlimited
CompressedClassSpaceSize: 1.00 GB
Initial GC threshold: 21.00 MB
Current GC threshold: 143.12 MB
CDS: on
 - commit_granule_bytes: 65536.
 - commit_granule_words: 8192.
 - virtual_space_node_default_size: 8388608.
 - enlarge_chunks_in_place: 1.
 - use_allocation_guard: 0.


Internal statistics:

num_allocs_failed_limit: 9.
num_arena_births: 1648.
num_arena_deaths: 16.
num_vsnodes_births: 3.
num_vsnodes_deaths: 0.
num_space_committed: 1387.
num_space_uncommitted: 0.
num_chunks_returned_to_freelist: 25.
num_chunks_taken_from_freelist: 5818.
num_chunk_merges: 15.
num_chunk_splits: 3497.
num_chunks_enlarged: 1896.
num_inconsistent_stats: 0.

CodeHeap 'non-profiled nmethods': size=120000Kb used=12818Kb max_used=12846Kb free=107181Kb
 bounds [0x00000205e4120000, 0x00000205e4dd0000, 0x00000205eb650000]
CodeHeap 'profiled nmethods': size=120000Kb used=35728Kb max_used=36600Kb free=84271Kb
 bounds [0x00000205dc650000, 0x00000205dea30000, 0x00000205e3b80000]
CodeHeap 'non-nmethods': size=5760Kb used=1520Kb max_used=1604Kb free=4239Kb
 bounds [0x00000205e3b80000, 0x00000205e3df0000, 0x00000205e4120000]
CodeCache: size=245760Kb, used=50066Kb, max_used=51050Kb, free=195691Kb
 total_blobs=15642, nmethods=14799, adapters=745, full_count=0
Compilation: enabled, stopped_count=0, restarted_count=0

Compilation events (20 events):
Event: 329.195 Thread 0x00000205f1a0c300 16397       3       org.eclipse.jdt.internal.core.SourceMethodElementInfo::getDeclarationSourceEnd (5 bytes)
Event: 329.195 Thread 0x00000205f1a0c300 nmethod 16397 0x00000205dd007e90 code [0x00000205dd008040, 0x00000205dd0081c0]
Event: 329.196 Thread 0x00000205f1a0c300 16398       3       org.eclipse.jdt.internal.compiler.ast.SingleMemberAnnotation::computeElementValuePairs (17 bytes)
Event: 329.196 Thread 0x00000205f1a0c300 nmethod 16398 0x00000205dcf29610 code [0x00000205dcf297e0, 0x00000205dcf29bb8]
Event: 329.213 Thread 0x00000205fc9cbae0 nmethod 16322 0x00000205e4dba190 code [0x00000205e4dba660, 0x00000205e4dbfab0]
Event: 329.214 Thread 0x00000205fc9cbae0 16377       4       java.util.HashMap::getOrDefault (19 bytes)
Event: 329.225 Thread 0x00000205fc9cbae0 nmethod 16377 0x00000205e4487310 code [0x00000205e44874c0, 0x00000205e4487808]
Event: 329.225 Thread 0x00000205fc9cbae0 16378       4       com.google.gson.internal.bind.TypeAdapters$15::write (10 bytes)
Event: 329.228 Thread 0x00000205f1a0c300 16399       2       java.util.ArrayList::forEach (74 bytes)
Event: 329.229 Thread 0x00000205f1a0c300 nmethod 16399 0x00000205dd03f010 code [0x00000205dd03f200, 0x00000205dd03f5a8]
Event: 329.231 Thread 0x00000205f1a0c300 16401       3       org.eclipse.jdt.core.manipulation.ImportReferencesCollector::typeRefFound (56 bytes)
Event: 329.232 Thread 0x00000205f1a0c300 nmethod 16401 0x00000205dce5e110 code [0x00000205dce5e360, 0x00000205dce5ee98]
Event: 329.233 Thread 0x00000205f1a0c300 16402       3       org.eclipse.jdt.internal.corext.dom.ASTNodes::instanceOf (47 bytes)
Event: 329.233 Thread 0x00000205f1a0c300 nmethod 16402 0x00000205dd253590 code [0x00000205dd253760, 0x00000205dd253a70]
Event: 329.241 Thread 0x00000205fc9cbae0 nmethod 16378 0x00000205e43e6e90 code [0x00000205e43e70e0, 0x00000205e43e7ae8]
Event: 329.241 Thread 0x00000205fc9cbae0 16400       4       org.eclipse.jdt.internal.codeassist.CompletionEngine::computeRelevanceForInterestingProposal (75 bytes)
Event: 329.244 Thread 0x00000205fc9cbae0 nmethod 16400 0x00000205e4486e90 code [0x00000205e4487020, 0x00000205e44871b8]
Event: 329.245 Thread 0x00000205fc9cbae0 16379       4       java.lang.invoke.MethodHandle::intrinsicName (4 bytes)
Event: 329.246 Thread 0x00000205fc9cbae0 nmethod 16379 0x00000205e4486b90 code [0x00000205e4486d20, 0x00000205e4486db0]
Event: 329.246 Thread 0x00000205fc9cbae0 16368       4       java.lang.CharacterDataLatin1::getPropertiesEx (11 bytes)

GC Heap History (20 events):
Event: 329.104 GC heap before
{Heap before GC invocations=269 (full 4):
 PSYoungGen      total 3072K, used 2780K [0x00000000d5580000, 0x00000000d5980000, 0x0000000100000000)
  eden space 2560K, 97% used [0x00000000d5580000,0x00000000d57ef0f0,0x00000000d5800000)
  from space 512K, 56% used [0x00000000d5900000,0x00000000d5948000,0x00000000d5980000)
  to   space 512K, 0% used [0x00000000d5800000,0x00000000d5800000,0x00000000d5880000)
 ParOldGen       total 314880K, used 117058K [0x0000000080000000, 0x0000000093380000, 0x00000000d5580000)
  object space 314880K, 37% used [0x0000000080000000,0x0000000087250aa8,0x0000000093380000)
 Metaspace       used 86707K, committed 88640K, reserved 1179648K
  class space    used 9286K, committed 10176K, reserved 1048576K
}
Event: 329.105 GC heap after
{Heap after GC invocations=269 (full 4):
 PSYoungGen      total 3072K, used 490K [0x00000000d5580000, 0x00000000d5a00000, 0x0000000100000000)
  eden space 2560K, 0% used [0x00000000d5580000,0x00000000d5580000,0x00000000d5800000)
  from space 512K, 95% used [0x00000000d5800000,0x00000000d587a910,0x00000000d5880000)
  to   space 1024K, 0% used [0x00000000d5900000,0x00000000d5900000,0x00000000d5a00000)
 ParOldGen       total 314880K, used 117154K [0x0000000080000000, 0x0000000093380000, 0x00000000d5580000)
  object space 314880K, 37% used [0x0000000080000000,0x0000000087268aa8,0x0000000093380000)
 Metaspace       used 86707K, committed 88640K, reserved 1179648K
  class space    used 9286K, committed 10176K, reserved 1048576K
}
Event: 329.114 GC heap before
{Heap before GC invocations=270 (full 4):
 PSYoungGen      total 3072K, used 3050K [0x00000000d5580000, 0x00000000d5a00000, 0x0000000100000000)
  eden space 2560K, 100% used [0x00000000d5580000,0x00000000d5800000,0x00000000d5800000)
  from space 512K, 95% used [0x00000000d5800000,0x00000000d587a910,0x00000000d5880000)
  to   space 1024K, 0% used [0x00000000d5900000,0x00000000d5900000,0x00000000d5a00000)
 ParOldGen       total 314880K, used 117154K [0x0000000080000000, 0x0000000093380000, 0x00000000d5580000)
  object space 314880K, 37% used [0x0000000080000000,0x0000000087268aa8,0x0000000093380000)
 Metaspace       used 86711K, committed 88640K, reserved 1179648K
  class space    used 9286K, committed 10176K, reserved 1048576K
}
Event: 329.116 GC heap after
{Heap after GC invocations=270 (full 4):
 PSYoungGen      total 3072K, used 256K [0x00000000d5580000, 0x00000000d5980000, 0x0000000100000000)
  eden space 2560K, 0% used [0x00000000d5580000,0x00000000d5580000,0x00000000d5800000)
  from space 512K, 50% used [0x00000000d5900000,0x00000000d5940000,0x00000000d5980000)
  to   space 512K, 0% used [0x00000000d5800000,0x00000000d5800000,0x00000000d5880000)
 ParOldGen       total 314880K, used 117623K [0x0000000080000000, 0x0000000093380000, 0x00000000d5580000)
  object space 314880K, 37% used [0x0000000080000000,0x00000000872ddcb8,0x0000000093380000)
 Metaspace       used 86711K, committed 88640K, reserved 1179648K
  class space    used 9286K, committed 10176K, reserved 1048576K
}
Event: 329.123 GC heap before
{Heap before GC invocations=271 (full 4):
 PSYoungGen      total 3072K, used 2797K [0x00000000d5580000, 0x00000000d5980000, 0x0000000100000000)
  eden space 2560K, 99% used [0x00000000d5580000,0x00000000d57fb528,0x00000000d5800000)
  from space 512K, 50% used [0x00000000d5900000,0x00000000d5940000,0x00000000d5980000)
  to   space 512K, 0% used [0x00000000d5800000,0x00000000d5800000,0x00000000d5880000)
 ParOldGen       total 314880K, used 117623K [0x0000000080000000, 0x0000000093380000, 0x00000000d5580000)
  object space 314880K, 37% used [0x0000000080000000,0x00000000872ddcb8,0x0000000093380000)
 Metaspace       used 86718K, committed 88640K, reserved 1179648K
  class space    used 9286K, committed 10176K, reserved 1048576K
}
Event: 329.124 GC heap after
{Heap after GC invocations=271 (full 4):
 PSYoungGen      total 3072K, used 250K [0x00000000d5580000, 0x00000000d5980000, 0x0000000100000000)
  eden space 2560K, 0% used [0x00000000d5580000,0x00000000d5580000,0x00000000d5800000)
  from space 512K, 48% used [0x00000000d5800000,0x00000000d583e900,0x00000000d5880000)
  to   space 512K, 0% used [0x00000000d5900000,0x00000000d5900000,0x00000000d5980000)
 ParOldGen       total 314880K, used 117703K [0x0000000080000000, 0x0000000093380000, 0x00000000d5580000)
  object space 314880K, 37% used [0x0000000080000000,0x00000000872f1cb8,0x0000000093380000)
 Metaspace       used 86718K, committed 88640K, reserved 1179648K
  class space    used 9286K, committed 10176K, reserved 1048576K
}
Event: 329.132 GC heap before
{Heap before GC invocations=272 (full 4):
 PSYoungGen      total 3072K, used 2787K [0x00000000d5580000, 0x00000000d5980000, 0x0000000100000000)
  eden space 2560K, 99% used [0x00000000d5580000,0x00000000d57fa358,0x00000000d5800000)
  from space 512K, 48% used [0x00000000d5800000,0x00000000d583e900,0x00000000d5880000)
  to   space 512K, 0% used [0x00000000d5900000,0x00000000d5900000,0x00000000d5980000)
 ParOldGen       total 314880K, used 117703K [0x0000000080000000, 0x0000000093380000, 0x00000000d5580000)
  object space 314880K, 37% used [0x0000000080000000,0x00000000872f1cb8,0x0000000093380000)
 Metaspace       used 86732K, committed 88704K, reserved 1179648K
  class space    used 9286K, committed 10176K, reserved 1048576K
}
Event: 329.133 GC heap after
{Heap after GC invocations=272 (full 4):
 PSYoungGen      total 3072K, used 320K [0x00000000d5580000, 0x00000000d5980000, 0x0000000100000000)
  eden space 2560K, 0% used [0x00000000d5580000,0x00000000d5580000,0x00000000d5800000)
  from space 512K, 62% used [0x00000000d5900000,0x00000000d5950000,0x00000000d5980000)
  to   space 512K, 0% used [0x00000000d5800000,0x00000000d5800000,0x00000000d5880000)
 ParOldGen       total 314880K, used 117767K [0x0000000080000000, 0x0000000093380000, 0x00000000d5580000)
  object space 314880K, 37% used [0x0000000080000000,0x0000000087301cb8,0x0000000093380000)
 Metaspace       used 86732K, committed 88704K, reserved 1179648K
  class space    used 9286K, committed 10176K, reserved 1048576K
}
Event: 329.148 GC heap before
{Heap before GC invocations=273 (full 4):
 PSYoungGen      total 3072K, used 2793K [0x00000000d5580000, 0x00000000d5980000, 0x0000000100000000)
  eden space 2560K, 96% used [0x00000000d5580000,0x00000000d57ea550,0x00000000d5800000)
  from space 512K, 62% used [0x00000000d5900000,0x00000000d5950000,0x00000000d5980000)
  to   space 512K, 0% used [0x00000000d5800000,0x00000000d5800000,0x00000000d5880000)
 ParOldGen       total 314880K, used 117767K [0x0000000080000000, 0x0000000093380000, 0x00000000d5580000)
  object space 314880K, 37% used [0x0000000080000000,0x0000000087301cb8,0x0000000093380000)
 Metaspace       used 86796K, committed 88768K, reserved 1179648K
  class space    used 9297K, committed 10176K, reserved 1048576K
}
Event: 329.149 GC heap after
{Heap after GC invocations=273 (full 4):
 PSYoungGen      total 3072K, used 438K [0x00000000d5580000, 0x00000000d5980000, 0x0000000100000000)
  eden space 2560K, 0% used [0x00000000d5580000,0x00000000d5580000,0x00000000d5800000)
  from space 512K, 85% used [0x00000000d5800000,0x00000000d586db10,0x00000000d5880000)
  to   space 512K, 0% used [0x00000000d5900000,0x00000000d5900000,0x00000000d5980000)
 ParOldGen       total 314880K, used 117855K [0x0000000080000000, 0x0000000093380000, 0x00000000d5580000)
  object space 314880K, 37% used [0x0000000080000000,0x0000000087317cb8,0x0000000093380000)
 Metaspace       used 86796K, committed 88768K, reserved 1179648K
  class space    used 9297K, committed 10176K, reserved 1048576K
}
Event: 329.166 GC heap before
{Heap before GC invocations=274 (full 4):
 PSYoungGen      total 3072K, used 2998K [0x00000000d5580000, 0x00000000d5980000, 0x0000000100000000)
  eden space 2560K, 99% used [0x00000000d5580000,0x00000000d57ffff8,0x00000000d5800000)
  from space 512K, 85% used [0x00000000d5800000,0x00000000d586db10,0x00000000d5880000)
  to   space 512K, 0% used [0x00000000d5900000,0x00000000d5900000,0x00000000d5980000)
 ParOldGen       total 314880K, used 117855K [0x0000000080000000, 0x0000000093380000, 0x00000000d5580000)
  object space 314880K, 37% used [0x0000000080000000,0x0000000087317cb8,0x0000000093380000)
 Metaspace       used 86801K, committed 88768K, reserved 1179648K
  class space    used 9297K, committed 10176K, reserved 1048576K
}
Event: 329.167 GC heap after
{Heap after GC invocations=274 (full 4):
 PSYoungGen      total 3072K, used 352K [0x00000000d5580000, 0x00000000d5980000, 0x0000000100000000)
  eden space 2560K, 0% used [0x00000000d5580000,0x00000000d5580000,0x00000000d5800000)
  from space 512K, 68% used [0x00000000d5900000,0x00000000d5958000,0x00000000d5980000)
  to   space 512K, 0% used [0x00000000d5800000,0x00000000d5800000,0x00000000d5880000)
 ParOldGen       total 314880K, used 117951K [0x0000000080000000, 0x0000000093380000, 0x00000000d5580000)
  object space 314880K, 37% used [0x0000000080000000,0x000000008732fcb8,0x0000000093380000)
 Metaspace       used 86801K, committed 88768K, reserved 1179648K
  class space    used 9297K, committed 10176K, reserved 1048576K
}
Event: 329.187 GC heap before
{Heap before GC invocations=275 (full 4):
 PSYoungGen      total 3072K, used 2912K [0x00000000d5580000, 0x00000000d5980000, 0x0000000100000000)
  eden space 2560K, 100% used [0x00000000d5580000,0x00000000d5800000,0x00000000d5800000)
  from space 512K, 68% used [0x00000000d5900000,0x00000000d5958000,0x00000000d5980000)
  to   space 512K, 0% used [0x00000000d5800000,0x00000000d5800000,0x00000000d5880000)
 ParOldGen       total 314880K, used 117951K [0x0000000080000000, 0x0000000093380000, 0x00000000d5580000)
  object space 314880K, 37% used [0x0000000080000000,0x000000008732fcb8,0x0000000093380000)
 Metaspace       used 86817K, committed 88768K, reserved 1179648K
  class space    used 9297K, committed 10176K, reserved 1048576K
}
Event: 329.189 GC heap after
{Heap after GC invocations=275 (full 4):
 PSYoungGen      total 3072K, used 512K [0x00000000d5580000, 0x00000000d5980000, 0x0000000100000000)
  eden space 2560K, 0% used [0x00000000d5580000,0x00000000d5580000,0x00000000d5800000)
  from space 512K, 100% used [0x00000000d5800000,0x00000000d5880000,0x00000000d5880000)
  to   space 512K, 0% used [0x00000000d5900000,0x00000000d5900000,0x00000000d5980000)
 ParOldGen       total 314880K, used 118203K [0x0000000080000000, 0x0000000093380000, 0x00000000d5580000)
  object space 314880K, 37% used [0x0000000080000000,0x000000008736eec8,0x0000000093380000)
 Metaspace       used 86817K, committed 88768K, reserved 1179648K
  class space    used 9297K, committed 10176K, reserved 1048576K
}
Event: 329.200 GC heap before
{Heap before GC invocations=276 (full 4):
 PSYoungGen      total 3072K, used 3072K [0x00000000d5580000, 0x00000000d5980000, 0x0000000100000000)
  eden space 2560K, 100% used [0x00000000d5580000,0x00000000d5800000,0x00000000d5800000)
  from space 512K, 100% used [0x00000000d5800000,0x00000000d5880000,0x00000000d5880000)
  to   space 512K, 0% used [0x00000000d5900000,0x00000000d5900000,0x00000000d5980000)
 ParOldGen       total 314880K, used 118203K [0x0000000080000000, 0x0000000093380000, 0x00000000d5580000)
  object space 314880K, 37% used [0x0000000080000000,0x000000008736eec8,0x0000000093380000)
 Metaspace       used 86828K, committed 88768K, reserved 1179648K
  class space    used 9299K, committed 10176K, reserved 1048576K
}
Event: 329.203 GC heap after
{Heap after GC invocations=276 (full 4):
 PSYoungGen      total 3072K, used 488K [0x00000000d5580000, 0x00000000d5980000, 0x0000000100000000)
  eden space 2560K, 0% used [0x00000000d5580000,0x00000000d5580000,0x00000000d5800000)
  from space 512K, 95% used [0x00000000d5900000,0x00000000d597a3b8,0x00000000d5980000)
  to   space 512K, 0% used [0x00000000d5800000,0x00000000d5800000,0x00000000d5880000)
 ParOldGen       total 314880K, used 119438K [0x0000000080000000, 0x0000000093380000, 0x00000000d5580000)
  object space 314880K, 37% used [0x0000000080000000,0x00000000874a3b80,0x0000000093380000)
 Metaspace       used 86828K, committed 88768K, reserved 1179648K
  class space    used 9299K, committed 10176K, reserved 1048576K
}
Event: 329.208 GC heap before
{Heap before GC invocations=277 (full 4):
 PSYoungGen      total 3072K, used 3048K [0x00000000d5580000, 0x00000000d5980000, 0x0000000100000000)
  eden space 2560K, 100% used [0x00000000d5580000,0x00000000d5800000,0x00000000d5800000)
  from space 512K, 95% used [0x00000000d5900000,0x00000000d597a3b8,0x00000000d5980000)
  to   space 512K, 0% used [0x00000000d5800000,0x00000000d5800000,0x00000000d5880000)
 ParOldGen       total 314880K, used 119438K [0x0000000080000000, 0x0000000093380000, 0x00000000d5580000)
  object space 314880K, 37% used [0x0000000080000000,0x00000000874a3b80,0x0000000093380000)
 Metaspace       used 86828K, committed 88768K, reserved 1179648K
  class space    used 9299K, committed 10176K, reserved 1048576K
}
Event: 329.210 GC heap after
{Heap after GC invocations=277 (full 4):
 PSYoungGen      total 3072K, used 512K [0x00000000d5580000, 0x00000000d5980000, 0x0000000100000000)
  eden space 2560K, 0% used [0x00000000d5580000,0x00000000d5580000,0x00000000d5800000)
  from space 512K, 100% used [0x00000000d5800000,0x00000000d5880000,0x00000000d5880000)
  to   space 512K, 0% used [0x00000000d5900000,0x00000000d5900000,0x00000000d5980000)
 ParOldGen       total 314880K, used 121444K [0x0000000080000000, 0x0000000093380000, 0x00000000d5580000)
  object space 314880K, 38% used [0x0000000080000000,0x0000000087699018,0x0000000093380000)
 Metaspace       used 86828K, committed 88768K, reserved 1179648K
  class space    used 9299K, committed 10176K, reserved 1048576K
}
Event: 329.218 GC heap before
{Heap before GC invocations=278 (full 4):
 PSYoungGen      total 3072K, used 3072K [0x00000000d5580000, 0x00000000d5980000, 0x0000000100000000)
  eden space 2560K, 100% used [0x00000000d5580000,0x00000000d5800000,0x00000000d5800000)
  from space 512K, 100% used [0x00000000d5800000,0x00000000d5880000,0x00000000d5880000)
  to   space 512K, 0% used [0x00000000d5900000,0x00000000d5900000,0x00000000d5980000)
 ParOldGen       total 314880K, used 121444K [0x0000000080000000, 0x0000000093380000, 0x00000000d5580000)
  object space 314880K, 38% used [0x0000000080000000,0x0000000087699018,0x0000000093380000)
 Metaspace       used 86828K, committed 88768K, reserved 1179648K
  class space    used 9299K, committed 10176K, reserved 1048576K
}
Event: 329.222 GC heap after
{Heap after GC invocations=278 (full 4):
 PSYoungGen      total 3072K, used 512K [0x00000000d5580000, 0x00000000d5980000, 0x0000000100000000)
  eden space 2560K, 0% used [0x00000000d5580000,0x00000000d5580000,0x00000000d5800000)
  from space 512K, 100% used [0x00000000d5900000,0x00000000d5980000,0x00000000d5980000)
  to   space 512K, 0% used [0x00000000d5800000,0x00000000d5800000,0x00000000d5880000)
 ParOldGen       total 314880K, used 123668K [0x0000000080000000, 0x0000000093380000, 0x00000000d5580000)
  object space 314880K, 39% used [0x0000000080000000,0x00000000878c50b8,0x0000000093380000)
 Metaspace       used 86828K, committed 88768K, reserved 1179648K
  class space    used 9299K, committed 10176K, reserved 1048576K
}

Dll operation events (12 events):
Event: 0.065 Loaded shared library c:\Users\jared\.vscode\extensions\redhat.java-1.52.0-win32-x64\jre\21.0.9-win32-x86_64\bin\java.dll
Event: 0.311 Loaded shared library c:\Users\jared\.vscode\extensions\redhat.java-1.52.0-win32-x64\jre\21.0.9-win32-x86_64\bin\zip.dll
Event: 0.360 Loaded shared library C:\Users\jared\.vscode\extensions\redhat.java-1.52.0-win32-x64\jre\21.0.9-win32-x86_64\bin\instrument.dll
Event: 0.372 Loaded shared library C:\Users\jared\.vscode\extensions\redhat.java-1.52.0-win32-x64\jre\21.0.9-win32-x86_64\bin\net.dll
Event: 0.378 Loaded shared library C:\Users\jared\.vscode\extensions\redhat.java-1.52.0-win32-x64\jre\21.0.9-win32-x86_64\bin\nio.dll
Event: 0.400 Loaded shared library C:\Users\jared\.vscode\extensions\redhat.java-1.52.0-win32-x64\jre\21.0.9-win32-x86_64\bin\zip.dll
Event: 0.500 Loaded shared library C:\Users\jared\.vscode\extensions\redhat.java-1.52.0-win32-x64\jre\21.0.9-win32-x86_64\bin\jimage.dll
Event: 0.820 Loaded shared library c:\Users\jared\.vscode\extensions\redhat.java-1.52.0-win32-x64\jre\21.0.9-win32-x86_64\bin\verify.dll
Event: 3.361 Loaded shared library C:\Users\jared\AppData\Roaming\Code\User\globalStorage\redhat.java\1.52.0\config_win\org.eclipse.equinox.launcher\org.eclipse.equinox.launcher.win32.win32.x86_64_1.2.1500.v20260121-1430\eclipse_11919.dll
Event: 9.300 Loaded shared library C:\Users\jared\AppData\Local\Temp\jna-100895738\jna2703546772893464485.dll
Event: 149.126 Loaded shared library C:\Users\jared\.vscode\extensions\redhat.java-1.52.0-win32-x64\jre\21.0.9-win32-x86_64\bin\sunmscapi.dll
Event: 149.205 Loaded shared library C:\Users\jared\.vscode\extensions\redhat.java-1.52.0-win32-x64\jre\21.0.9-win32-x86_64\bin\extnet.dll

Deoptimization events (20 events):
Event: 328.876 Thread 0x00000205f9d7b9f0 DEOPT PACKING pc=0x00000205dcf6f92a sp=0x000000801b4fcae0
Event: 328.876 Thread 0x00000205f9d7b9f0 DEOPT UNPACKING pc=0x00000205e3bd4242 sp=0x000000801b4fbf40 mode 0
Event: 328.914 Thread 0x00000205f9d7b9f0 Uncommon trap: trap_request=0xffffffde fr.pc=0x00000205e4c12c0c relative=0x00000000000037ac
Event: 328.914 Thread 0x00000205f9d7b9f0 Uncommon trap: reason=class_check action=maybe_recompile pc=0x00000205e4c12c0c method=org.eclipse.jdt.internal.compiler.lookup.LookupEnvironment.computePackageFrom([[CZ)Lorg/eclipse/jdt/internal/compiler/lookup/PackageBinding; @ 41 c2
Event: 328.914 Thread 0x00000205f9d7b9f0 DEOPT PACKING pc=0x00000205e4c12c0c sp=0x000000801b4fd100
Event: 328.914 Thread 0x00000205f9d7b9f0 DEOPT UNPACKING pc=0x00000205e3bd3aa2 sp=0x000000801b4fd0b8 mode 2
Event: 328.919 Thread 0x00000205f9d7b9f0 DEOPT PACKING pc=0x00000205ddff9744 sp=0x000000801b4fcba0
Event: 328.919 Thread 0x00000205f9d7b9f0 DEOPT UNPACKING pc=0x00000205e3bd4242 sp=0x000000801b4fc020 mode 0
Event: 328.940 Thread 0x00000205f9d7b9f0 Uncommon trap: trap_request=0xffffff45 fr.pc=0x00000205e4b14474 relative=0x00000000000056f4
Event: 328.940 Thread 0x00000205f9d7b9f0 Uncommon trap: reason=unstable_if action=reinterpret pc=0x00000205e4b14474 method=org.eclipse.jdt.internal.compiler.classfmt.ClassFileReader.<init>([B[CZ)V @ 563 c2
Event: 328.940 Thread 0x00000205f9d7b9f0 DEOPT PACKING pc=0x00000205e4b14474 sp=0x000000801b4fcae0
Event: 328.940 Thread 0x00000205f9d7b9f0 DEOPT UNPACKING pc=0x00000205e3bd3aa2 sp=0x000000801b4fca70 mode 2
Event: 329.090 Thread 0x00000205f9d7b9f0 DEOPT PACKING pc=0x00000205dea14ef2 sp=0x000000801b4fd290
Event: 329.090 Thread 0x00000205f9d7b9f0 DEOPT UNPACKING pc=0x00000205e3bd4242 sp=0x000000801b4fc808 mode 0
Event: 329.097 Thread 0x00000205f9d7b9f0 Uncommon trap: trap_request=0xffffffde fr.pc=0x00000205e4db7ba0 relative=0x0000000000002460
Event: 329.097 Thread 0x00000205f9d7b9f0 Uncommon trap: reason=class_check action=maybe_recompile pc=0x00000205e4db7ba0 method=org.eclipse.jdt.internal.compiler.lookup.LookupEnvironment.computePackageFrom([[CZ)Lorg/eclipse/jdt/internal/compiler/lookup/PackageBinding; @ 51 c2
Event: 329.097 Thread 0x00000205f9d7b9f0 DEOPT PACKING pc=0x00000205e4db7ba0 sp=0x000000801b4fd880
Event: 329.098 Thread 0x00000205f9d7b9f0 DEOPT UNPACKING pc=0x00000205e3bd3aa2 sp=0x000000801b4fd7f8 mode 2
Event: 329.163 Thread 0x00000205f9d80f40 DEOPT PACKING pc=0x00000205dea14ef2 sp=0x000000801befd9c0
Event: 329.163 Thread 0x00000205f9d80f40 DEOPT UNPACKING pc=0x00000205e3bd4242 sp=0x000000801befcf38 mode 0

Classes loaded (20 events):
Event: 207.472 Loading class sun/security/ssl/Alert$AlertConsumer
Event: 207.473 Loading class sun/security/ssl/Alert$AlertConsumer done
Event: 207.473 Loading class sun/security/ssl/Alert$Level
Event: 207.473 Loading class sun/security/ssl/Alert$Level done
Event: 325.708 Loading class java/util/stream/Nodes$CollectorTask$OfRef
Event: 325.708 Loading class java/util/stream/Nodes$CollectorTask
Event: 325.709 Loading class java/util/stream/Nodes$CollectorTask done
Event: 325.709 Loading class java/util/stream/Nodes$CollectorTask$OfRef done
Event: 325.713 Loading class java/util/function/LongFunction
Event: 325.713 Loading class java/util/function/LongFunction done
Event: 325.714 Loading class java/util/stream/Nodes$ConcNode
Event: 325.714 Loading class java/util/stream/Nodes$AbstractConcNode
Event: 325.714 Loading class java/util/stream/Nodes$AbstractConcNode done
Event: 325.714 Loading class java/util/stream/Nodes$ConcNode done
Event: 325.751 Loading class java/io/ObjectOutputStream$BlockDataOutputStream
Event: 325.753 Loading class java/io/ObjectOutputStream$BlockDataOutputStream done
Event: 325.753 Loading class java/io/ObjectOutputStream$HandleTable
Event: 325.754 Loading class java/io/ObjectOutputStream$HandleTable done
Event: 325.754 Loading class java/io/ObjectOutputStream$ReplaceTable
Event: 325.754 Loading class java/io/ObjectOutputStream$ReplaceTable done

Classes unloaded (8 events):
Event: 11.084 Thread 0x00000205f0512e60 Unloading class 0x00000205811ab400 'java/lang/invoke/LambdaForm$MH+0x00000205811ab400'
Event: 11.084 Thread 0x00000205f0512e60 Unloading class 0x00000205811ab000 'java/lang/invoke/LambdaForm$MH+0x00000205811ab000'
Event: 11.084 Thread 0x00000205f0512e60 Unloading class 0x00000205811aac00 'java/lang/invoke/LambdaForm$MH+0x00000205811aac00'
Event: 11.084 Thread 0x00000205f0512e60 Unloading class 0x00000205811aa800 'java/lang/invoke/LambdaForm$MH+0x00000205811aa800'
Event: 11.084 Thread 0x00000205f0512e60 Unloading class 0x00000205811aa400 'java/lang/invoke/LambdaForm$BMH+0x00000205811aa400'
Event: 11.084 Thread 0x00000205f0512e60 Unloading class 0x00000205811aa000 'java/lang/invoke/LambdaForm$DMH+0x00000205811aa000'
Event: 11.084 Thread 0x00000205f0512e60 Unloading class 0x00000205811a8c00 'java/lang/invoke/LambdaForm$DMH+0x00000205811a8c00'
Event: 323.422 Thread 0x00000205f0512e60 Unloading class 0x000002058170c400 'java/lang/invoke/LambdaForm$DMH+0x000002058170c400'

Classes redefined (0 events):
No events

Internal exceptions (20 events):
Event: 287.808 Thread 0x00000205f9d808b0 Exception <a 'java/lang/NoSuchMethodError'{0x00000000d59ceab8}: 'java.lang.Object java.lang.invoke.DirectMethodHandle$Holder.newInvokeSpecial(java.lang.Object, java.lang.Object, int, java.lang.Object, java.lang.Object, java.lang.Object, java.lang.Object)'> (0x00000000d59ceab8) 
thrown [s\src\hotspot\share\interpreter\linkResolver.cpp, line 773]
Event: 290.908 Thread 0x00000205f79606f0 Exception <a 'sun/nio/fs/WindowsException'{0x00000000d5d8aa58}> (0x00000000d5d8aa58) 
thrown [s\src\hotspot\share\prims\jni.cpp, line 520]
Event: 291.227 Thread 0x00000205f79606f0 Exception <a 'sun/nio/fs/WindowsException'{0x00000000d55a7b90}> (0x00000000d55a7b90) 
thrown [s\src\hotspot\share\prims\jni.cpp, line 520]
Event: 311.077 Thread 0x00000205f9d808b0 Exception <a 'java/lang/ArrayIndexOutOfBoundsException'{0x00000000d5734720}> (0x00000000d5734720) 
thrown [s\src\hotspot\share\runtime\sharedRuntime.cpp, line 625]
Event: 323.335 Thread 0x00000205f9d808b0 Exception <a 'java/lang/ArrayIndexOutOfBoundsException'{0x00000000d5675f20}> (0x00000000d5675f20) 
thrown [s\src\hotspot\share\runtime\sharedRuntime.cpp, line 625]
Event: 324.759 Thread 0x00000205f9d808b0 Exception <a 'java/lang/ArrayIndexOutOfBoundsException'{0x00000000d56dabf0}> (0x00000000d56dabf0) 
thrown [s\src\hotspot\share\runtime\sharedRuntime.cpp, line 625]
Event: 325.728 Thread 0x00000205f7962130 Implicit null exception at 0x00000205e470ef9a to 0x00000205e470fee0
Event: 325.735 Thread 0x00000205f7962130 Exception <a 'sun/nio/fs/WindowsException'{0x00000000d568a530}> (0x00000000d568a530) 
thrown [s\src\hotspot\share\prims\jni.cpp, line 520]
Event: 325.735 Thread 0x00000205f7962130 Exception <a 'sun/nio/fs/WindowsException'{0x00000000d568b158}> (0x00000000d568b158) 
thrown [s\src\hotspot\share\prims\jni.cpp, line 520]
Event: 325.736 Thread 0x00000205f7962130 Implicit null exception at 0x00000205e486db8e to 0x00000205e486de24
Event: 325.798 Thread 0x00000205f7962130 Exception <a 'java/lang/NoSuchMethodError'{0x00000000d55c65e0}: static [J.<clinit>()V> (0x00000000d55c65e0) 
thrown [s\src\hotspot\share\prims\jni.cpp, line 1111]
Event: 325.822 Thread 0x00000205f7962130 Exception <a 'java/lang/NoSuchMethodError'{0x00000000d55ffd10}: 'java.lang.Object java.lang.invoke.DirectMethodHandle$Holder.newInvokeSpecial(java.lang.Object, java.lang.Object, java.lang.Object, java.lang.Object, java.lang.Object, java.lang.Object, java.lang.Object, java.lang.Object)'> (0x00000000d55ffd10) 
thrown [s\src\hotspot\share\interpreter\linkResolver.cpp, line 773]
Event: 325.922 Thread 0x00000205f9d7b9f0 Exception <a 'java/lang/ArrayIndexOutOfBoundsException'{0x00000000d559fd98}> (0x00000000d559fd98) 
thrown [s\src\hotspot\share\runtime\sharedRuntime.cpp, line 625]
Event: 325.936 Thread 0x00000205f9d7b9f0 Exception <a 'java/lang/ArrayIndexOutOfBoundsException'{0x00000000d55c58d0}> (0x00000000d55c58d0) 
thrown [s\src\hotspot\share\runtime\sharedRuntime.cpp, line 625]
Event: 326.143 Thread 0x00000205f9d808b0 Exception <a 'java/lang/ArrayIndexOutOfBoundsException'{0x00000000d5696158}> (0x00000000d5696158) 
thrown [s\src\hotspot\share\runtime\sharedRuntime.cpp, line 625]
Event: 326.818 Thread 0x00000205f9d808b0 Exception <a 'java/lang/ArrayIndexOutOfBoundsException'{0x00000000d5651700}> (0x00000000d5651700) 
thrown [s\src\hotspot\share\runtime\sharedRuntime.cpp, line 625]
Event: 327.975 Thread 0x00000205f9d808b0 Exception <a 'java/lang/ArrayIndexOutOfBoundsException'{0x00000000d56d2700}> (0x00000000d56d2700) 
thrown [s\src\hotspot\share\runtime\sharedRuntime.cpp, line 625]
Event: 328.213 Thread 0x00000205f9d808b0 Exception <a 'java/lang/ArrayIndexOutOfBoundsException'{0x00000000d56f8528}> (0x00000000d56f8528) 
thrown [s\src\hotspot\share\runtime\sharedRuntime.cpp, line 625]
Event: 328.547 Thread 0x00000205f9d7b9f0 Exception <a 'java/lang/ArrayIndexOutOfBoundsException'{0x00000000d5605fe8}> (0x00000000d5605fe8) 
thrown [s\src\hotspot\share\runtime\sharedRuntime.cpp, line 625]
Event: 329.187 Thread 0x00000205f9d7ee70 Exception <a 'java/lang/ArrayIndexOutOfBoundsException'{0x00000000d57f7b18}> (0x00000000d57f7b18) 
thrown [s\src\hotspot\share\runtime\sharedRuntime.cpp, line 625]

ZGC Phase Switch (0 events):
No events

VM Operations (20 events):
Event: 329.104 Executing VM operation: ParallelGCFailedAllocation (Allocation Failure)
Event: 329.105 Executing VM operation: ParallelGCFailedAllocation (Allocation Failure) done
Event: 329.114 Executing VM operation: ParallelGCFailedAllocation (Allocation Failure)
Event: 329.116 Executing VM operation: ParallelGCFailedAllocation (Allocation Failure) done
Event: 329.123 Executing VM operation: ParallelGCFailedAllocation (Allocation Failure)
Event: 329.124 Executing VM operation: ParallelGCFailedAllocation (Allocation Failure) done
Event: 329.132 Executing VM operation: ParallelGCFailedAllocation (Allocation Failure)
Event: 329.133 Executing VM operation: ParallelGCFailedAllocation (Allocation Failure) done
Event: 329.148 Executing VM operation: ParallelGCFailedAllocation (Allocation Failure)
Event: 329.149 Executing VM operation: ParallelGCFailedAllocation (Allocation Failure) done
Event: 329.166 Executing VM operation: ParallelGCFailedAllocation (Allocation Failure)
Event: 329.168 Executing VM operation: ParallelGCFailedAllocation (Allocation Failure) done
Event: 329.187 Executing VM operation: ParallelGCFailedAllocation (Allocation Failure)
Event: 329.189 Executing VM operation: ParallelGCFailedAllocation (Allocation Failure) done
Event: 329.200 Executing VM operation: ParallelGCFailedAllocation (Allocation Failure)
Event: 329.203 Executing VM operation: ParallelGCFailedAllocation (Allocation Failure) done
Event: 329.208 Executing VM operation: ParallelGCFailedAllocation (Allocation Failure)
Event: 329.211 Executing VM operation: ParallelGCFailedAllocation (Allocation Failure) done
Event: 329.217 Executing VM operation: ParallelGCFailedAllocation (Allocation Failure)
Event: 329.222 Executing VM operation: ParallelGCFailedAllocation (Allocation Failure) done

Memory protections (0 events):
No events

Nmethod flushes (20 events):
Event: 323.583 Thread 0x00000205f0512e60 flushing  nmethod 0x00000205dd54f890
Event: 323.583 Thread 0x00000205f0512e60 flushing  nmethod 0x00000205dd550090
Event: 323.583 Thread 0x00000205f0512e60 flushing  nmethod 0x00000205dd550410
Event: 323.583 Thread 0x00000205f0512e60 flushing  nmethod 0x00000205dd550c90
Event: 323.583 Thread 0x00000205f0512e60 flushing  nmethod 0x00000205dd552710
Event: 323.583 Thread 0x00000205f0512e60 flushing  nmethod 0x00000205dd553d10
Event: 323.583 Thread 0x00000205f0512e60 flushing  nmethod 0x00000205dd554d90
Event: 323.583 Thread 0x00000205f0512e60 flushing  nmethod 0x00000205dd555490
Event: 323.583 Thread 0x00000205f0512e60 flushing  nmethod 0x00000205dd555f90
Event: 323.583 Thread 0x00000205f0512e60 flushing  nmethod 0x00000205dd556310
Event: 323.583 Thread 0x00000205f0512e60 flushing  nmethod 0x00000205dd556710
Event: 323.583 Thread 0x00000205f0512e60 flushing  nmethod 0x00000205dd557110
Event: 323.583 Thread 0x00000205f0512e60 flushing  nmethod 0x00000205dd55f590
Event: 323.583 Thread 0x00000205f0512e60 flushing  nmethod 0x00000205dd56f010
Event: 323.583 Thread 0x00000205f0512e60 flushing  nmethod 0x00000205dd578490
Event: 323.583 Thread 0x00000205f0512e60 flushing  nmethod 0x00000205dd581a90
Event: 323.583 Thread 0x00000205f0512e60 flushing  nmethod 0x00000205dd586790
Event: 323.583 Thread 0x00000205f0512e60 flushing  nmethod 0x00000205dd5b5710
Event: 323.583 Thread 0x00000205f0512e60 flushing  nmethod 0x00000205dd5bb790
Event: 323.583 Thread 0x00000205f0512e60 flushing  nmethod 0x00000205dd5bf790

Events (20 events):
Event: 325.692 Thread 0x00000205fc9cd620 Thread exited: 0x00000205fc9cd620
Event: 325.701 Thread 0x00000205f7962130 Thread added: 0x00000205fc259750
Event: 325.715 Thread 0x00000205fc259750 Thread exited: 0x00000205fc259750
Event: 325.740 Thread 0x00000205f7962130 Thread added: 0x00000205fc259750
Event: 325.748 Thread 0x00000205fc259750 Thread exited: 0x00000205fc259750
Event: 326.024 Thread 0x00000205f1a0c300 Thread added: 0x00000205fc9ce3c0
Event: 326.253 Thread 0x00000205f85ea3b0 Thread exited: 0x00000205f85ea3b0
Event: 326.260 Thread 0x00000205f85eaa40 Thread exited: 0x00000205f85eaa40
Event: 326.313 Thread 0x00000205f85eb0d0 Thread exited: 0x00000205f85eb0d0
Event: 326.803 Thread 0x00000205f85e9d20 Thread exited: 0x00000205f85e9d20
Event: 326.825 Thread 0x00000205fc9ce3c0 Thread exited: 0x00000205fc9ce3c0
Event: 327.964 Thread 0x00000205f85eb760 Thread exited: 0x00000205f85eb760
Event: 327.975 Thread 0x00000205f85ebdf0 Thread exited: 0x00000205f85ebdf0
Event: 328.003 Thread 0x00000205f9a247b0 Thread exited: 0x00000205f9a247b0
Event: 328.062 Thread 0x00000205f9a254d0 Thread exited: 0x00000205f9a254d0
Event: 328.189 Thread 0x00000205f9a22050 Thread exited: 0x00000205f9a22050
Event: 328.203 Thread 0x00000205f85e68a0 Thread exited: 0x00000205f85e68a0
Event: 328.296 Thread 0x00000205f9a25b60 Thread exited: 0x00000205f9a25b60
Event: 328.956 Thread 0x00000205f1a0c300 Thread added: 0x00000205fc9ce3c0
Event: 329.055 Thread 0x00000205f1a0c300 Thread added: 0x00000205fc9cbae0


Dynamic libraries:
0x00007ff740310000 - 0x00007ff74031e000 	c:\Users\jared\.vscode\extensions\redhat.java-1.52.0-win32-x64\jre\21.0.9-win32-x86_64\bin\java.exe
0x00007ffe2c740000 - 0x00007ffe2c9a8000 	C:\WINDOWS\SYSTEM32\ntdll.dll
0x00007ffe2b310000 - 0x00007ffe2b3d9000 	C:\WINDOWS\System32\KERNEL32.DLL
0x00007ffe29ab0000 - 0x00007ffe29ea1000 	C:\WINDOWS\System32\KERNELBASE.dll
0x00007ffe26510000 - 0x00007ffe265ae000 	C:\WINDOWS\SYSTEM32\apphelp.dll
0x00007ffe2a390000 - 0x00007ffe2a4db000 	C:\WINDOWS\System32\ucrtbase.dll
0x00007ffdf9f40000 - 0x00007ffdf9f5e000 	c:\Users\jared\.vscode\extensions\redhat.java-1.52.0-win32-x64\jre\21.0.9-win32-x86_64\bin\VCRUNTIME140.dll
0x00007ffdfa000000 - 0x00007ffdfa018000 	c:\Users\jared\.vscode\extensions\redhat.java-1.52.0-win32-x64\jre\21.0.9-win32-x86_64\bin\jli.dll
0x00007ffe2c4b0000 - 0x00007ffe2c676000 	C:\WINDOWS\System32\USER32.dll
0x00007ffe2a360000 - 0x00007ffe2a387000 	C:\WINDOWS\System32\win32u.dll
0x00007ffe2a880000 - 0x00007ffe2a8ab000 	C:\WINDOWS\System32\GDI32.dll
0x00007ffe2a0b0000 - 0x00007ffe2a1db000 	C:\WINDOWS\System32\gdi32full.dll
0x00007ffe29890000 - 0x00007ffe29933000 	C:\WINDOWS\System32\msvcp_win.dll
0x00007ffe18320000 - 0x00007ffe185b3000 	C:\WINDOWS\WinSxS\amd64_microsoft.windows.common-controls_6595b64144ccf1df_6.0.26100.7824_none_3e0870b2e3345462\COMCTL32.dll
0x00007ffe2c340000 - 0x00007ffe2c3e9000 	C:\WINDOWS\System32\msvcrt.dll
0x00007ffe2b7a0000 - 0x00007ffe2b7d1000 	C:\WINDOWS\System32\IMM32.DLL
0x00007ffe0b1e0000 - 0x00007ffe0b1ec000 	c:\Users\jared\.vscode\extensions\redhat.java-1.52.0-win32-x64\jre\21.0.9-win32-x86_64\bin\vcruntime140_1.dll
0x00007ffdf9800000 - 0x00007ffdf988d000 	c:\Users\jared\.vscode\extensions\redhat.java-1.52.0-win32-x64\jre\21.0.9-win32-x86_64\bin\msvcp140.dll
0x00007ffd78e60000 - 0x00007ffd79c00000 	c:\Users\jared\.vscode\extensions\redhat.java-1.52.0-win32-x64\jre\21.0.9-win32-x86_64\bin\server\jvm.dll
0x00007ffe2b3e0000 - 0x00007ffe2b494000 	C:\WINDOWS\System32\ADVAPI32.dll
0x00007ffe2a4e0000 - 0x00007ffe2a586000 	C:\WINDOWS\System32\sechost.dll
0x00007ffe2b4a0000 - 0x00007ffe2b5b8000 	C:\WINDOWS\System32\RPCRT4.dll
0x00007ffe2c680000 - 0x00007ffe2c6f4000 	C:\WINDOWS\System32\WS2_32.dll
0x00007ffe28a10000 - 0x00007ffe28a6e000 	C:\WINDOWS\SYSTEM32\POWRPROF.dll
0x00007ffe22990000 - 0x00007ffe229c5000 	C:\WINDOWS\SYSTEM32\WINMM.dll
0x00007ffe22be0000 - 0x00007ffe22beb000 	C:\WINDOWS\SYSTEM32\VERSION.dll
0x00007ffe289f0000 - 0x00007ffe28a04000 	C:\WINDOWS\SYSTEM32\UMPDC.dll
0x00007ffe27dc0000 - 0x00007ffe27ddb000 	C:\WINDOWS\SYSTEM32\kernel.appcore.dll
0x00007ffdf9e10000 - 0x00007ffdf9e1a000 	c:\Users\jared\.vscode\extensions\redhat.java-1.52.0-win32-x64\jre\21.0.9-win32-x86_64\bin\jimage.dll
0x00007ffe26fa0000 - 0x00007ffe271e2000 	C:\WINDOWS\SYSTEM32\DBGHELP.DLL
0x00007ffe2bfa0000 - 0x00007ffe2c326000 	C:\WINDOWS\System32\combase.dll
0x00007ffe2b5c0000 - 0x00007ffe2b697000 	C:\WINDOWS\System32\OLEAUT32.dll
0x00007ffdffe30000 - 0x00007ffdffe6b000 	C:\WINDOWS\SYSTEM32\dbgcore.DLL
0x00007ffe29eb0000 - 0x00007ffe29f55000 	C:\WINDOWS\System32\bcryptPrimitives.dll
0x00007ffdf9dd0000 - 0x00007ffdf9ddf000 	c:\Users\jared\.vscode\extensions\redhat.java-1.52.0-win32-x64\jre\21.0.9-win32-x86_64\bin\instrument.dll
0x00007ffdf9db0000 - 0x00007ffdf9dd0000 	c:\Users\jared\.vscode\extensions\redhat.java-1.52.0-win32-x64\jre\21.0.9-win32-x86_64\bin\java.dll
0x00007ffe2abb0000 - 0x00007ffe2b302000 	C:\WINDOWS\System32\SHELL32.dll
0x00007ffe29940000 - 0x00007ffe29aaa000 	C:\WINDOWS\System32\wintypes.dll
0x00007ffe29020000 - 0x00007ffe29883000 	C:\WINDOWS\System32\windows.storage.dll
0x00007ffe2a590000 - 0x00007ffe2a686000 	C:\WINDOWS\System32\SHCORE.dll
0x00007ffe2a8b0000 - 0x00007ffe2a917000 	C:\WINDOWS\System32\shlwapi.dll
0x00007ffe28f40000 - 0x00007ffe28f69000 	C:\WINDOWS\SYSTEM32\profapi.dll
0x00007ffdf9b00000 - 0x00007ffdf9b18000 	c:\Users\jared\.vscode\extensions\redhat.java-1.52.0-win32-x64\jre\21.0.9-win32-x86_64\bin\zip.dll
0x00007ffdf97f0000 - 0x00007ffdf9800000 	C:\Users\jared\.vscode\extensions\redhat.java-1.52.0-win32-x64\jre\21.0.9-win32-x86_64\bin\net.dll
0x00007ffe206d0000 - 0x00007ffe207f7000 	C:\WINDOWS\SYSTEM32\WINHTTP.dll
0x00007ffe28330000 - 0x00007ffe2839b000 	C:\WINDOWS\system32\mswsock.dll
0x00007ffdf97d0000 - 0x00007ffdf97e6000 	C:\Users\jared\.vscode\extensions\redhat.java-1.52.0-win32-x64\jre\21.0.9-win32-x86_64\bin\nio.dll
0x00007ffdf96a0000 - 0x00007ffdf96b0000 	c:\Users\jared\.vscode\extensions\redhat.java-1.52.0-win32-x64\jre\21.0.9-win32-x86_64\bin\verify.dll
0x00007ffdf5020000 - 0x00007ffdf5065000 	C:\Users\jared\AppData\Roaming\Code\User\globalStorage\redhat.java\1.52.0\config_win\org.eclipse.equinox.launcher\org.eclipse.equinox.launcher.win32.win32.x86_64_1.2.1500.v20260121-1430\eclipse_11919.dll
0x00007ffe2b7e0000 - 0x00007ffe2b977000 	C:\WINDOWS\System32\ole32.dll
0x00007ffe28600000 - 0x00007ffe2861b000 	C:\WINDOWS\SYSTEM32\CRYPTSP.dll
0x00007ffe27d20000 - 0x00007ffe27d59000 	C:\WINDOWS\system32\rsaenh.dll
0x00007ffe283e0000 - 0x00007ffe2840b000 	C:\WINDOWS\SYSTEM32\USERENV.dll
0x00007ffe28f10000 - 0x00007ffe28f3a000 	C:\WINDOWS\SYSTEM32\bcrypt.dll
0x00007ffe28830000 - 0x00007ffe2883c000 	C:\WINDOWS\SYSTEM32\CRYPTBASE.dll
0x00007ffe277a0000 - 0x00007ffe277d4000 	C:\WINDOWS\SYSTEM32\IPHLPAPI.DLL
0x00007ffe2c330000 - 0x00007ffe2c33a000 	C:\WINDOWS\System32\NSI.dll
0x00007ffdeb990000 - 0x00007ffdeb9d9000 	C:\Users\jared\AppData\Local\Temp\jna-100895738\jna2703546772893464485.dll
0x00007ffe2a870000 - 0x00007ffe2a878000 	C:\WINDOWS\System32\PSAPI.DLL
0x00007ffe23f90000 - 0x00007ffe23fae000 	C:\WINDOWS\SYSTEM32\dhcpcsvc6.DLL
0x00007ffe23f60000 - 0x00007ffe23f83000 	C:\WINDOWS\SYSTEM32\dhcpcsvc.DLL
0x00007ffe27ee0000 - 0x00007ffe27f16000 	C:\WINDOWS\SYSTEM32\ntmarta.dll
0x00007ffe14eb0000 - 0x00007ffe14ebe000 	C:\Users\jared\.vscode\extensions\redhat.java-1.52.0-win32-x64\jre\21.0.9-win32-x86_64\bin\sunmscapi.dll
0x00007ffe2a1e0000 - 0x00007ffe2a357000 	C:\WINDOWS\System32\CRYPT32.dll
0x00007ffe28890000 - 0x00007ffe288c0000 	C:\WINDOWS\SYSTEM32\ncrypt.dll
0x00007ffe28840000 - 0x00007ffe2887f000 	C:\WINDOWS\SYSTEM32\NTASN1.dll
0x00007ffdfcdc0000 - 0x00007ffdfcdc8000 	C:\WINDOWS\system32\wshunix.dll
0x00007ffdf9690000 - 0x00007ffdf9699000 	C:\Users\jared\.vscode\extensions\redhat.java-1.52.0-win32-x64\jre\21.0.9-win32-x86_64\bin\extnet.dll
0x00007ffe27800000 - 0x00007ffe2792c000 	C:\WINDOWS\SYSTEM32\DNSAPI.dll
0x00007ffe20620000 - 0x00007ffe2062b000 	C:\Windows\System32\rasadhlp.dll
0x00007ffe24110000 - 0x00007ffe24196000 	C:\WINDOWS\System32\fwpuclnt.dll

JVMTI agents:
c:\Users\jared\.vscode\extensions\redhat.java-1.52.0-win32-x64\lombok\lombok-1.18.39-4050.jar path:c:\Users\jared\.vscode\extensions\redhat.java-1.52.0-win32-x64\jre\21.0.9-win32-x86_64\bin\instrument.dll, loaded, initialized, instrumentlib options:none

dbghelp: loaded successfully - version: 4.0.5 - missing functions: none
symbol engine: initialized successfully - sym options: 0x614 - pdb path: .;c:\Users\jared\.vscode\extensions\redhat.java-1.52.0-win32-x64\jre\21.0.9-win32-x86_64\bin;C:\WINDOWS\SYSTEM32;C:\WINDOWS\WinSxS\amd64_microsoft.windows.common-controls_6595b64144ccf1df_6.0.26100.7824_none_3e0870b2e3345462;c:\Users\jared\.vscode\extensions\redhat.java-1.52.0-win32-x64\jre\21.0.9-win32-x86_64\bin\server;C:\Users\jared\AppData\Roaming\Code\User\globalStorage\redhat.java\1.52.0\config_win\org.eclipse.equinox.launcher\org.eclipse.equinox.launcher.win32.win32.x86_64_1.2.1500.v20260121-1430;C:\Users\jared\AppData\Local\Temp\jna-100895738

VM Arguments:
jvm_args: --add-modules=ALL-SYSTEM --add-opens=java.base/java.util=ALL-UNNAMED --add-opens=java.base/java.lang=ALL-UNNAMED --add-opens=java.base/sun.nio.fs=ALL-UNNAMED -Declipse.application=org.eclipse.jdt.ls.core.id1 -Dosgi.bundles.defaultStartLevel=4 -Declipse.product=org.eclipse.jdt.ls.core.product -Djava.import.generatesMetadataFilesAtProjectRoot=false -DDetectVMInstallationsJob.disabled=true -Dfile.encoding=utf8 -XX:+UseParallelGC -XX:GCTimeRatio=4 -XX:AdaptiveSizePolicyWeight=90 -Dsun.zip.disableMemoryMapping=true -Xmx2G -Xms100m -Xlog:disable -javaagent:c:\Users\jared\.vscode\extensions\redhat.java-1.52.0-win32-x64\lombok\lombok-1.18.39-4050.jar -XX:+HeapDumpOnOutOfMemoryError -XX:HeapDumpPath=c:\Users\jared\AppData\Roaming\Code\User\workspaceStorage\e34d3a93796a54bcb5c87ca0179e3c1b\redhat.java -Daether.dependencyCollector.impl=bf 
java_command: c:\Users\jared\.vscode\extensions\redhat.java-1.52.0-win32-x64\server\plugins\org.eclipse.equinox.launcher_1.7.100.v20251111-0406.jar -configuration c:\Users\jared\AppData\Roaming\Code\User\globalStorage\redhat.java\1.52.0\config_win -data c:\Users\jared\AppData\Roaming\Code\User\workspaceStorage\e34d3a93796a54bcb5c87ca0179e3c1b\redhat.java\jdt_ws --pipe=\\.\pipe\lsp-affe45c1b2ac7a5778a645ba68aea3c6-sock
java_class_path (initial): c:\Users\jared\.vscode\extensions\redhat.java-1.52.0-win32-x64\server\plugins\org.eclipse.equinox.launcher_1.7.100.v20251111-0406.jar
Launcher Type: SUN_STANDARD

[Global flags]
    uintx AdaptiveSizePolicyWeight                 = 90                                        {product} {command line}
     intx CICompilerCount                          = 4                                         {product} {ergonomic}
    uintx GCTimeRatio                              = 4                                         {product} {command line}
     bool HeapDumpOnOutOfMemoryError               = true                                   {manageable} {command line}
    ccstr HeapDumpPath                             = c:\Users\jared\AppData\Roaming\Code\User\workspaceStorage\e34d3a93796a54bcb5c87ca0179e3c1b\redhat.java         {manageable} {command line}
   size_t InitialHeapSize                          = 104857600                                 {product} {command line}
   size_t MaxHeapSize                              = 2147483648                                {product} {command line}
   size_t MaxNewSize                               = 715653120                                 {product} {ergonomic}
   size_t MinHeapDeltaBytes                        = 524288                                    {product} {ergonomic}
   size_t MinHeapSize                              = 104857600                                 {product} {command line}
   size_t NewSize                                  = 34603008                                  {product} {ergonomic}
    uintx NonNMethodCodeHeapSize                   = 5839372                                {pd product} {ergonomic}
    uintx NonProfiledCodeHeapSize                  = 122909434                              {pd product} {ergonomic}
   size_t OldSize                                  = 70254592                                  {product} {ergonomic}
    uintx ProfiledCodeHeapSize                     = 122909434                              {pd product} {ergonomic}
    uintx ReservedCodeCacheSize                    = 251658240                              {pd product} {ergonomic}
     bool SegmentedCodeCache                       = true                                      {product} {ergonomic}
   size_t SoftMaxHeapSize                          = 2147483648                             {manageable} {ergonomic}
     bool UseCompressedOops                        = true                           {product lp64_product} {ergonomic}
     bool UseLargePagesIndividualAllocation        = false                                  {pd product} {ergonomic}
     bool UseParallelGC                            = true                                      {product} {command line}

Logging:
Log output configuration:
 #0: stdout all=off uptime,level,tags foldmultilines=false
 #1: stderr all=off uptime,level,tags foldmultilines=false

Release file:
JAVA_VERSION="21.0.9" 
MODULES="java.base java.compiler java.datatransfer java.xml java.prefs java.desktop java.instrument java.logging java.management java.security.sasl java.naming java.rmi java.management.rmi java.net.http java.scripting java.security.jgss java.transaction.xa java.sql java.sql.rowset java.xml.crypto java.se java.smartcardio jdk.accessibility jdk.internal.jvmstat jdk.attach jdk.charsets jdk.internal.opt jdk.zipfs jdk.compiler jdk.crypto.ec jdk.crypto.cryptoki jdk.crypto.mscapi jdk.dynalink jdk.internal.ed jdk.editpad jdk.hotspot.agent jdk.httpserver jdk.internal.le jdk.internal.vm.ci jdk.internal.vm.compiler jdk.internal.vm.compiler.management jdk.jartool jdk.javadoc jdk.jcmd jdk.management jdk.management.agent jdk.jconsole jdk.jdeps jdk.jdwp.agent jdk.jdi jdk.jfr jdk.jshell jdk.jsobject jdk.jstatd jdk.localedata jdk.management.jfr jdk.naming.dns jdk.naming.rmi jdk.net jdk.nio.mapmode jdk.random jdk.sctp jdk.security.auth jdk.security.jgss jdk.unsupported jdk.unsupported.desktop jdk.xml.dom" 

Environment Variables:
JAVA_HOME=C:\Program Files\Eclipse Adoptium\jdk-21.0.6.7-hotspot\
PATH=C:\app\jared\product\21c\dbhomeXE\bin;C:\Program Files\Eclipse Adoptium\jdk-21.0.6.7-hotspot\bin;C:\WINDOWS\system32;C:\WINDOWS;C:\WINDOWS\System32\Wbem;C:\WINDOWS\System32\WindowsPowerShell\v1.0\;C:\WINDOWS\System32\OpenSSH\;C:\Program Files\Git\cmd;C:\Users\jared\anaconda3;C:\Users\jared\anaconda3\Library\mingw-w64\bin;C:\Users\jared\anaconda3\Library\usr\bin;C:\Users\jared\anaconda3\Library\bin;C:\Users\jared\anaconda3\Scripts;C:\Users\jared\AppData\Local\Programs\Python\Launcher\;C:\Users\jared\AppData\Local\Microsoft\WindowsApps;C:\Users\jared\AppData\Local\Programs\Microsoft VS Code\bin;C:\MinGW\bin;C:\Users\jared\AppData\Local\Programs\Python\Python313\;C:\Users\jared\AppData\Local\Programs\Python\Python313\Scripts\;C:\Users\jared\Dev\flutter\bin;
USERNAME=jared
OS=Windows_NT
PROCESSOR_IDENTIFIER=AMD64 Family 25 Model 80 Stepping 0, AuthenticAMD
TMP=C:\Users\jared\AppData\Local\Temp
TEMP=C:\Users\jared\AppData\Local\Temp




Periodic native trim disabled

---------------  S Y S T E M  ---------------

OS:
 Windows 11 , 64 bit Build 26100 (10.0.26100.7705)
OS uptime: 0 days 1:30 hours
Hyper-V role detected

CPU: total 12 (initial active 12) (12 cores per cpu, 2 threads per core) family 25 model 80 stepping 0 microcode 0xa50000d, cx8, cmov, fxsr, ht, mmx, 3dnowpref, sse, sse2, sse3, ssse3, sse4a, sse4.1, sse4.2, popcnt, lzcnt, tsc, tscinvbit, avx, avx2, aes, erms, clmul, bmi1, bmi2, adx, sha, fma, vzeroupper, clflush, clflushopt, hv, rdtscp, rdpid, fsrm, f16c, cet_ss
Processor Information for processor 0
  Max Mhz: 2000, Current Mhz: 1890, Mhz Limit: 2000
Processor Information for processor 1
  Max Mhz: 2000, Current Mhz: 1808, Mhz Limit: 2000
Processor Information for processor 2
  Max Mhz: 2000, Current Mhz: 1808, Mhz Limit: 2000
Processor Information for processor 3
  Max Mhz: 2000, Current Mhz: 1890, Mhz Limit: 2000
Processor Information for processor 4
  Max Mhz: 2000, Current Mhz: 1890, Mhz Limit: 2000
Processor Information for processor 5
  Max Mhz: 2000, Current Mhz: 1890, Mhz Limit: 2000
Processor Information for processor 6
  Max Mhz: 2000, Current Mhz: 1890, Mhz Limit: 2000
Processor Information for processor 7
  Max Mhz: 2000, Current Mhz: 1890, Mhz Limit: 2000
Processor Information for processor 8
  Max Mhz: 2000, Current Mhz: 1890, Mhz Limit: 2000
Processor Information for processor 9
  Max Mhz: 2000, Current Mhz: 1808, Mhz Limit: 2000
Processor Information for processor 10
  Max Mhz: 2000, Current Mhz: 1890, Mhz Limit: 2000
Processor Information for processor 11
  Max Mhz: 2000, Current Mhz: 1890, Mhz Limit: 2000

Memory: 4k page, system-wide physical 7579M (870M free)
TotalPageFile size 16384M (AvailPageFile size 3M)
current process WorkingSet (physical memory assigned to process): 573M, peak: 574M
current process commit charge ("private bytes"): 670M, peak: 675M

vm_info: OpenJDK 64-Bit Server VM (21.0.9+10-LTS) for windows-amd64 JRE (21.0.9+10-LTS), built on 2025-10-21T00:00:00Z by "admin" with unknown MS VC++:1942

END.
